<?xml version="1.0" encoding="UTF-8"?>
<testsuite name="com.cps3230.assignment.payment.gateway.PaymentProcessorTests" tests="61" skipped="0" failures="0" errors="0" timestamp="2019-01-06T20:01:37" hostname="pop-os" time="2.164">
  <properties/>
  <testcase name="checkProcessPaymentWithValidTransactionAndCaptureFailureTransactionExistsButSevenDayPeriodExpired()" classname="com.cps3230.assignment.payment.gateway.PaymentProcessorTests" time="0.005"/>
  <testcase name="checkProcessPaymentWithValidTransactionAndCaptureFailureTransactionDoesNotExist()" classname="com.cps3230.assignment.payment.gateway.PaymentProcessorTests" time="0.002"/>
  <testcase name="testCreditCardDetailsWithInvalidDates(String)[1]" classname="com.cps3230.assignment.payment.gateway.PaymentProcessorTests" time="0.012"/>
  <testcase name="testCreditCardDetailsWithInvalidDates(String)[2]" classname="com.cps3230.assignment.payment.gateway.PaymentProcessorTests" time="0.001"/>
  <testcase name="testCreditCardDetailsWithInvalidDates(String)[3]" classname="com.cps3230.assignment.payment.gateway.PaymentProcessorTests" time="0.001"/>
  <testcase name="testCreditCardDetailsWithInvalidDates(String)[4]" classname="com.cps3230.assignment.payment.gateway.PaymentProcessorTests" time="0.001"/>
  <testcase name="verifyTheTransactionDatabaseIsAccessedWhenPaymentAuthorized()" classname="com.cps3230.assignment.payment.gateway.PaymentProcessorTests" time="0.003"/>
  <testcase name="assertUpdateTransactionsWithAlreadyCapturedTransactions()" classname="com.cps3230.assignment.payment.gateway.PaymentProcessorTests" time="0.001"/>
  <testcase name="testOfflineVerificationWithInvvalidPrefixes(String)[1]" classname="com.cps3230.assignment.payment.gateway.PaymentProcessorTests" time="0.001"/>
  <testcase name="testOfflineVerificationWithInvvalidPrefixes(String)[2]" classname="com.cps3230.assignment.payment.gateway.PaymentProcessorTests" time="0.0"/>
  <testcase name="checkProcessPaymentReturnsStatusCodeTwoWhenCaptureIsDelayedPastTimeOut()" classname="com.cps3230.assignment.payment.gateway.PaymentProcessorTests" time="1.002"/>
  <testcase name="checkProcessPaymentWithValidTransactionAndCaptureFailureTransactionExistsButUnknownCaptureError()" classname="com.cps3230.assignment.payment.gateway.PaymentProcessorTests" time="0.004"/>
  <testcase name="checkProcessPaymentWithValidTransactionAndCaptureFailureTransactionExistsButAlreadyCaptured()" classname="com.cps3230.assignment.payment.gateway.PaymentProcessorTests" time="0.005"/>
  <testcase name="checkOfflineVerificationWithInvalidCardBrands()" classname="com.cps3230.assignment.payment.gateway.PaymentProcessorTests" time="0.001"/>
  <testcase name="checkRefundFailsIfTransactionNotCaptured()" classname="com.cps3230.assignment.payment.gateway.PaymentProcessorTests" time="0.001"/>
  <testcase name="checkProcessPaymentWhenAuthFailsBecauseOfRandomError()" classname="com.cps3230.assignment.payment.gateway.PaymentProcessorTests" time="0.004"/>
  <testcase name="checkOfflineValidationWhenObjectHasEmptyFields(CcInfo)[1]" classname="com.cps3230.assignment.payment.gateway.PaymentProcessorTests" time="0.0"/>
  <testcase name="checkOfflineValidationWhenObjectHasEmptyFields(CcInfo)[2]" classname="com.cps3230.assignment.payment.gateway.PaymentProcessorTests" time="0.0"/>
  <testcase name="checkOfflineValidationWhenObjectHasEmptyFields(CcInfo)[3]" classname="com.cps3230.assignment.payment.gateway.PaymentProcessorTests" time="0.0"/>
  <testcase name="checkOfflineValidationWhenObjectHasEmptyFields(CcInfo)[4]" classname="com.cps3230.assignment.payment.gateway.PaymentProcessorTests" time="0.0"/>
  <testcase name="checkOfflineValidationWhenObjectHasEmptyFields(CcInfo)[5]" classname="com.cps3230.assignment.payment.gateway.PaymentProcessorTests" time="0.0"/>
  <testcase name="checkOfflineValidationWhenObjectHasEmptyFields(CcInfo)[6]" classname="com.cps3230.assignment.payment.gateway.PaymentProcessorTests" time="0.0"/>
  <testcase name="checkOfflineValidationWhenObjectHasEmptyFields(CcInfo)[7]" classname="com.cps3230.assignment.payment.gateway.PaymentProcessorTests" time="0.0"/>
  <testcase name="checkOfflineValidationWhenObjectHasEmptyFields(CcInfo)[8]" classname="com.cps3230.assignment.payment.gateway.PaymentProcessorTests" time="0.0"/>
  <testcase name="checkOfflineValidationWhenObjectHasEmptyFields(CcInfo)[9]" classname="com.cps3230.assignment.payment.gateway.PaymentProcessorTests" time="0.0"/>
  <testcase name="checkOfflineValidationWhenObjectHasEmptyFields(CcInfo)[10]" classname="com.cps3230.assignment.payment.gateway.PaymentProcessorTests" time="0.0"/>
  <testcase name="checkOfflineValidationWhenObjectHasEmptyFields(CcInfo)[11]" classname="com.cps3230.assignment.payment.gateway.PaymentProcessorTests" time="0.0"/>
  <testcase name="checkOfflineValidationWhenObjectHasEmptyFields(CcInfo)[12]" classname="com.cps3230.assignment.payment.gateway.PaymentProcessorTests" time="0.001"/>
  <testcase name="checkOfflineVerificationWithInvalidCardNumbers(String)[1]" classname="com.cps3230.assignment.payment.gateway.PaymentProcessorTests" time="0.0"/>
  <testcase name="checkOfflineVerificationWithInvalidCardNumbers(String)[2]" classname="com.cps3230.assignment.payment.gateway.PaymentProcessorTests" time="0.001"/>
  <testcase name="checkOfflineVerificationWithInvalidCardNumbers(String)[3]" classname="com.cps3230.assignment.payment.gateway.PaymentProcessorTests" time="0.001"/>
  <testcase name="verifyTheTransactionDatabaseIsAccessedWhenPaymentCleared()" classname="com.cps3230.assignment.payment.gateway.PaymentProcessorTests" time="0.002"/>
  <testcase name="checkProcessPaymentReturnsOkWhenPaymentCleared()" classname="com.cps3230.assignment.payment.gateway.PaymentProcessorTests" time="0.002"/>
  <testcase name="assertUpdateTransactionsVoidsAuthorizedTransactions()" classname="com.cps3230.assignment.payment.gateway.PaymentProcessorTests" time="0.001"/>
  <testcase name="checkOfflineValidationWhenCardIsExpired()" classname="com.cps3230.assignment.payment.gateway.PaymentProcessorTests" time="0.001"/>
  <testcase name="checkProcessPaymentWhenAuthFailsBecauseOfSomeBankError()" classname="com.cps3230.assignment.payment.gateway.PaymentProcessorTests" time="0.002"/>
  <testcase name="checkIfBankProxyAuthIsBeingCalledFromProcessPayment()" classname="com.cps3230.assignment.payment.gateway.PaymentProcessorTests" time="0.006"/>
  <testcase name="checkProcessPaymentFailsWhenAuthorisationFailsBecauseBankDetailsInvalid()" classname="com.cps3230.assignment.payment.gateway.PaymentProcessorTests" time="0.002"/>
  <testcase name="checkProcessPaymentVerifiesCreditCardDetailsWithInvalidCardTypeAndCardNumber(CcInfo)[1]" classname="com.cps3230.assignment.payment.gateway.PaymentProcessorTests" time="0.002"/>
  <testcase name="checkProcessPaymentVerifiesCreditCardDetailsWithInvalidCardTypeAndCardNumber(CcInfo)[2]" classname="com.cps3230.assignment.payment.gateway.PaymentProcessorTests" time="0.001"/>
  <testcase name="checkProcessPaymentVerifiesCreditCardDetailsWithInvalidCardTypeAndCardNumber(CcInfo)[3]" classname="com.cps3230.assignment.payment.gateway.PaymentProcessorTests" time="0.001"/>
  <testcase name="checkProcessPaymentVerifiesCreditCardDetailsWithInvalidCardTypeAndCardNumber(CcInfo)[4]" classname="com.cps3230.assignment.payment.gateway.PaymentProcessorTests" time="0.001"/>
  <testcase name="assertRefundWorksWithCapturedTransaction()" classname="com.cps3230.assignment.payment.gateway.PaymentProcessorTests" time="0.0"/>
  <testcase name="checkOfflineValidationWithValidCreditCardDetails(CcInfo)[1]" classname="com.cps3230.assignment.payment.gateway.PaymentProcessorTests" time="0.0"/>
  <testcase name="checkOfflineValidationWithValidCreditCardDetails(CcInfo)[2]" classname="com.cps3230.assignment.payment.gateway.PaymentProcessorTests" time="0.001"/>
  <testcase name="checkOfflineValidationWithValidCreditCardDetails(CcInfo)[3]" classname="com.cps3230.assignment.payment.gateway.PaymentProcessorTests" time="0.0"/>
  <testcase name="checkLuhnFailsWhenCardIsNull()" classname="com.cps3230.assignment.payment.gateway.PaymentProcessorTests" time="0.0"/>
  <testcase name="assertUpdateTransactionsCapturesAuthorizedTransactions()" classname="com.cps3230.assignment.payment.gateway.PaymentProcessorTests" time="0.006"/>
  <testcase name="checkProcessPaymentWhenAuthFailsBecauseUserDoesNotHaveFunds()" classname="com.cps3230.assignment.payment.gateway.PaymentProcessorTests" time="0.002"/>
  <testcase name="checkAuthorizedValuesStayAuthorizedOnUnknownCaptureError()" classname="com.cps3230.assignment.payment.gateway.PaymentProcessorTests" time="0.001"/>
  <testcase name="assertGetConnectionReturnsADatabaseConnection()" classname="com.cps3230.assignment.payment.gateway.PaymentProcessorTests" time="0.0"/>
  <testcase name="checkLuhnWorksCorrectlyWithValidCards(String)[1]" classname="com.cps3230.assignment.payment.gateway.PaymentProcessorTests" time="0.0"/>
  <testcase name="checkLuhnWorksCorrectlyWithValidCards(String)[2]" classname="com.cps3230.assignment.payment.gateway.PaymentProcessorTests" time="0.0"/>
  <testcase name="checkLuhnWorksCorrectlyWithValidCards(String)[3]" classname="com.cps3230.assignment.payment.gateway.PaymentProcessorTests" time="0.0"/>
  <testcase name="checkLuhnWorksCorrectlyWithValidCards(String)[4]" classname="com.cps3230.assignment.payment.gateway.PaymentProcessorTests" time="0.001"/>
  <testcase name="checkLuhnWorksCorrectlyWithValidCards(String)[5]" classname="com.cps3230.assignment.payment.gateway.PaymentProcessorTests" time="0.0"/>
  <testcase name="checkLuhnValidationFailsWithInvalidCards(String)[1]" classname="com.cps3230.assignment.payment.gateway.PaymentProcessorTests" time="0.001"/>
  <testcase name="checkLuhnValidationFailsWithInvalidCards(String)[2]" classname="com.cps3230.assignment.payment.gateway.PaymentProcessorTests" time="0.001"/>
  <testcase name="checkLuhnValidationFailsWithInvalidCards(String)[3]" classname="com.cps3230.assignment.payment.gateway.PaymentProcessorTests" time="0.001"/>
  <testcase name="checkLuhnValidationFailsWithInvalidCards(String)[4]" classname="com.cps3230.assignment.payment.gateway.PaymentProcessorTests" time="0.0"/>
  <testcase name="checkProcessPaymentReturnsStatusCodeTwoWhenAuthorizeIsDelayedPastTimeOut()" classname="com.cps3230.assignment.payment.gateway.PaymentProcessorTests" time="1.003"/>
  <system-out><![CDATA[21:01:37.144 [Test worker] INFO  - Could not captureCallable transaction
21:01:37.148 [Test worker] INFO  - Could not captureCallable transaction
21:01:38.194 [Test worker] INFO  - Bank error Requests timed out
21:01:38.201 [Test worker] INFO  - Could not captureCallable transaction
21:01:38.212 [Test worker] INFO  - Tried to refund an un captured transaction with ID 11
21:01:38.217 [pool-250-thread-2] INFO  - Bank error - bank returned status code -4 - payment rejected
21:01:38.217 [Test worker] ERROR  - Auth request failed
21:01:38.250 [pool-254-thread-2] INFO  - Bank error - bank returned status code -3 - payment rejected
21:01:38.250 [Test worker] ERROR  - Auth request failed
21:01:38.252 [pool-255-thread-2] INFO  - Bank error - bank returned status code 0 - payment rejected
21:01:38.252 [Test worker] ERROR  - Auth request failed
21:01:38.258 [pool-256-thread-2] INFO  - Bank error - bank returned status code -1 - payment rejected
21:01:38.258 [Test worker] ERROR  - Auth request failed
21:01:38.262 [Test worker] INFO  - The card details are invalid with status code 6 - payment rejected
21:01:38.264 [Test worker] INFO  - The card details are invalid with status code 2 - payment rejected
21:01:38.267 [Test worker] INFO  - The card details are invalid with status code 3 - payment rejected
21:01:38.269 [Test worker] INFO  - The card details are invalid with status code 3 - payment rejected
21:01:38.286 [pool-262-thread-2] INFO  - Bank error - bank returned status code -2 - payment rejected
21:01:38.286 [Test worker] ERROR  - Auth request failed
21:01:39.303 [Test worker] INFO  - Bank error Requests timed out
]]></system-out>
  <system-err><![CDATA[]]></system-err>
</testsuite>
