<?xml version="1.0" encoding="UTF-8"?>
<testsuite name="com.cps3230.assignment.payment.gateway.PaymentProcessorTests" tests="61" skipped="0" failures="0" errors="0" timestamp="2019-01-06T21:15:54" hostname="pop-os" time="2.11">
  <properties/>
  <testcase name="checkProcessPaymentWithValidTransactionAndCaptureFailureTransactionExistsButSevenDayPeriodExpired()" classname="com.cps3230.assignment.payment.gateway.PaymentProcessorTests" time="0.004"/>
  <testcase name="checkProcessPaymentWithValidTransactionAndCaptureFailureTransactionDoesNotExist()" classname="com.cps3230.assignment.payment.gateway.PaymentProcessorTests" time="0.001"/>
  <testcase name="testCreditCardDetailsWithInvalidDates(String)[1]" classname="com.cps3230.assignment.payment.gateway.PaymentProcessorTests" time="0.009"/>
  <testcase name="testCreditCardDetailsWithInvalidDates(String)[2]" classname="com.cps3230.assignment.payment.gateway.PaymentProcessorTests" time="0.0"/>
  <testcase name="testCreditCardDetailsWithInvalidDates(String)[3]" classname="com.cps3230.assignment.payment.gateway.PaymentProcessorTests" time="0.0"/>
  <testcase name="testCreditCardDetailsWithInvalidDates(String)[4]" classname="com.cps3230.assignment.payment.gateway.PaymentProcessorTests" time="0.0"/>
  <testcase name="verifyTheTransactionDatabaseIsAccessedWhenPaymentAuthorized()" classname="com.cps3230.assignment.payment.gateway.PaymentProcessorTests" time="0.004"/>
  <testcase name="assertUpdateTransactionsWithAlreadyCapturedTransactions()" classname="com.cps3230.assignment.payment.gateway.PaymentProcessorTests" time="0.002"/>
  <testcase name="testOfflineVerificationWithInvvalidPrefixes(String)[1]" classname="com.cps3230.assignment.payment.gateway.PaymentProcessorTests" time="0.0"/>
  <testcase name="testOfflineVerificationWithInvvalidPrefixes(String)[2]" classname="com.cps3230.assignment.payment.gateway.PaymentProcessorTests" time="0.001"/>
  <testcase name="checkProcessPaymentReturnsStatusCodeTwoWhenCaptureIsDelayedPastTimeOut()" classname="com.cps3230.assignment.payment.gateway.PaymentProcessorTests" time="1.002"/>
  <testcase name="checkProcessPaymentWithValidTransactionAndCaptureFailureTransactionExistsButUnknownCaptureError()" classname="com.cps3230.assignment.payment.gateway.PaymentProcessorTests" time="0.002"/>
  <testcase name="checkProcessPaymentWithValidTransactionAndCaptureFailureTransactionExistsButAlreadyCaptured()" classname="com.cps3230.assignment.payment.gateway.PaymentProcessorTests" time="0.002"/>
  <testcase name="checkOfflineVerificationWithInvalidCardBrands()" classname="com.cps3230.assignment.payment.gateway.PaymentProcessorTests" time="0.001"/>
  <testcase name="checkRefundFailsIfTransactionNotCaptured()" classname="com.cps3230.assignment.payment.gateway.PaymentProcessorTests" time="0.001"/>
  <testcase name="checkProcessPaymentWhenAuthFailsBecauseOfRandomError()" classname="com.cps3230.assignment.payment.gateway.PaymentProcessorTests" time="0.002"/>
  <testcase name="checkOfflineValidationWhenObjectHasEmptyFields(CcInfo)[1]" classname="com.cps3230.assignment.payment.gateway.PaymentProcessorTests" time="0.0"/>
  <testcase name="checkOfflineValidationWhenObjectHasEmptyFields(CcInfo)[2]" classname="com.cps3230.assignment.payment.gateway.PaymentProcessorTests" time="0.0"/>
  <testcase name="checkOfflineValidationWhenObjectHasEmptyFields(CcInfo)[3]" classname="com.cps3230.assignment.payment.gateway.PaymentProcessorTests" time="0.0"/>
  <testcase name="checkOfflineValidationWhenObjectHasEmptyFields(CcInfo)[4]" classname="com.cps3230.assignment.payment.gateway.PaymentProcessorTests" time="0.0"/>
  <testcase name="checkOfflineValidationWhenObjectHasEmptyFields(CcInfo)[5]" classname="com.cps3230.assignment.payment.gateway.PaymentProcessorTests" time="0.001"/>
  <testcase name="checkOfflineValidationWhenObjectHasEmptyFields(CcInfo)[6]" classname="com.cps3230.assignment.payment.gateway.PaymentProcessorTests" time="0.0"/>
  <testcase name="checkOfflineValidationWhenObjectHasEmptyFields(CcInfo)[7]" classname="com.cps3230.assignment.payment.gateway.PaymentProcessorTests" time="0.0"/>
  <testcase name="checkOfflineValidationWhenObjectHasEmptyFields(CcInfo)[8]" classname="com.cps3230.assignment.payment.gateway.PaymentProcessorTests" time="0.0"/>
  <testcase name="checkOfflineValidationWhenObjectHasEmptyFields(CcInfo)[9]" classname="com.cps3230.assignment.payment.gateway.PaymentProcessorTests" time="0.0"/>
  <testcase name="checkOfflineValidationWhenObjectHasEmptyFields(CcInfo)[10]" classname="com.cps3230.assignment.payment.gateway.PaymentProcessorTests" time="0.0"/>
  <testcase name="checkOfflineValidationWhenObjectHasEmptyFields(CcInfo)[11]" classname="com.cps3230.assignment.payment.gateway.PaymentProcessorTests" time="0.0"/>
  <testcase name="checkOfflineValidationWhenObjectHasEmptyFields(CcInfo)[12]" classname="com.cps3230.assignment.payment.gateway.PaymentProcessorTests" time="0.0"/>
  <testcase name="checkOfflineVerificationWithInvalidCardNumbers(String)[1]" classname="com.cps3230.assignment.payment.gateway.PaymentProcessorTests" time="0.001"/>
  <testcase name="checkOfflineVerificationWithInvalidCardNumbers(String)[2]" classname="com.cps3230.assignment.payment.gateway.PaymentProcessorTests" time="0.0"/>
  <testcase name="checkOfflineVerificationWithInvalidCardNumbers(String)[3]" classname="com.cps3230.assignment.payment.gateway.PaymentProcessorTests" time="0.0"/>
  <testcase name="verifyTheTransactionDatabaseIsAccessedWhenPaymentCleared()" classname="com.cps3230.assignment.payment.gateway.PaymentProcessorTests" time="0.001"/>
  <testcase name="checkProcessPaymentReturnsOkWhenPaymentCleared()" classname="com.cps3230.assignment.payment.gateway.PaymentProcessorTests" time="0.001"/>
  <testcase name="assertUpdateTransactionsVoidsAuthorizedTransactions()" classname="com.cps3230.assignment.payment.gateway.PaymentProcessorTests" time="0.001"/>
  <testcase name="checkOfflineValidationWhenCardIsExpired()" classname="com.cps3230.assignment.payment.gateway.PaymentProcessorTests" time="0.0"/>
  <testcase name="checkProcessPaymentWhenAuthFailsBecauseOfSomeBankError()" classname="com.cps3230.assignment.payment.gateway.PaymentProcessorTests" time="0.001"/>
  <testcase name="checkIfBankProxyAuthIsBeingCalledFromProcessPayment()" classname="com.cps3230.assignment.payment.gateway.PaymentProcessorTests" time="0.003"/>
  <testcase name="checkProcessPaymentFailsWhenAuthorisationFailsBecauseBankDetailsInvalid()" classname="com.cps3230.assignment.payment.gateway.PaymentProcessorTests" time="0.002"/>
  <testcase name="checkProcessPaymentVerifiesCreditCardDetailsWithInvalidCardTypeAndCardNumber(CcInfo)[1]" classname="com.cps3230.assignment.payment.gateway.PaymentProcessorTests" time="0.001"/>
  <testcase name="checkProcessPaymentVerifiesCreditCardDetailsWithInvalidCardTypeAndCardNumber(CcInfo)[2]" classname="com.cps3230.assignment.payment.gateway.PaymentProcessorTests" time="0.003"/>
  <testcase name="checkProcessPaymentVerifiesCreditCardDetailsWithInvalidCardTypeAndCardNumber(CcInfo)[3]" classname="com.cps3230.assignment.payment.gateway.PaymentProcessorTests" time="0.002"/>
  <testcase name="checkProcessPaymentVerifiesCreditCardDetailsWithInvalidCardTypeAndCardNumber(CcInfo)[4]" classname="com.cps3230.assignment.payment.gateway.PaymentProcessorTests" time="0.001"/>
  <testcase name="assertRefundWorksWithCapturedTransaction()" classname="com.cps3230.assignment.payment.gateway.PaymentProcessorTests" time="0.001"/>
  <testcase name="checkOfflineValidationWithValidCreditCardDetails(CcInfo)[1]" classname="com.cps3230.assignment.payment.gateway.PaymentProcessorTests" time="0.0"/>
  <testcase name="checkOfflineValidationWithValidCreditCardDetails(CcInfo)[2]" classname="com.cps3230.assignment.payment.gateway.PaymentProcessorTests" time="0.0"/>
  <testcase name="checkOfflineValidationWithValidCreditCardDetails(CcInfo)[3]" classname="com.cps3230.assignment.payment.gateway.PaymentProcessorTests" time="0.0"/>
  <testcase name="checkLuhnFailsWhenCardIsNull()" classname="com.cps3230.assignment.payment.gateway.PaymentProcessorTests" time="0.0"/>
  <testcase name="assertUpdateTransactionsCapturesAuthorizedTransactions()" classname="com.cps3230.assignment.payment.gateway.PaymentProcessorTests" time="0.003"/>
  <testcase name="checkProcessPaymentWhenAuthFailsBecauseUserDoesNotHaveFunds()" classname="com.cps3230.assignment.payment.gateway.PaymentProcessorTests" time="0.001"/>
  <testcase name="checkAuthorizedValuesStayAuthorizedOnUnknownCaptureError()" classname="com.cps3230.assignment.payment.gateway.PaymentProcessorTests" time="0.001"/>
  <testcase name="assertGetConnectionReturnsADatabaseConnection()" classname="com.cps3230.assignment.payment.gateway.PaymentProcessorTests" time="0.0"/>
  <testcase name="checkLuhnWorksCorrectlyWithValidCards(String)[1]" classname="com.cps3230.assignment.payment.gateway.PaymentProcessorTests" time="0.0"/>
  <testcase name="checkLuhnWorksCorrectlyWithValidCards(String)[2]" classname="com.cps3230.assignment.payment.gateway.PaymentProcessorTests" time="0.0"/>
  <testcase name="checkLuhnWorksCorrectlyWithValidCards(String)[3]" classname="com.cps3230.assignment.payment.gateway.PaymentProcessorTests" time="0.001"/>
  <testcase name="checkLuhnWorksCorrectlyWithValidCards(String)[4]" classname="com.cps3230.assignment.payment.gateway.PaymentProcessorTests" time="0.0"/>
  <testcase name="checkLuhnWorksCorrectlyWithValidCards(String)[5]" classname="com.cps3230.assignment.payment.gateway.PaymentProcessorTests" time="0.001"/>
  <testcase name="checkLuhnValidationFailsWithInvalidCards(String)[1]" classname="com.cps3230.assignment.payment.gateway.PaymentProcessorTests" time="0.0"/>
  <testcase name="checkLuhnValidationFailsWithInvalidCards(String)[2]" classname="com.cps3230.assignment.payment.gateway.PaymentProcessorTests" time="0.0"/>
  <testcase name="checkLuhnValidationFailsWithInvalidCards(String)[3]" classname="com.cps3230.assignment.payment.gateway.PaymentProcessorTests" time="0.0"/>
  <testcase name="checkLuhnValidationFailsWithInvalidCards(String)[4]" classname="com.cps3230.assignment.payment.gateway.PaymentProcessorTests" time="0.0"/>
  <testcase name="checkProcessPaymentReturnsStatusCodeTwoWhenAuthorizeIsDelayedPastTimeOut()" classname="com.cps3230.assignment.payment.gateway.PaymentProcessorTests" time="1.002"/>
  <system-out><![CDATA[22:15:54.800 [Test worker] INFO  - Could not captureCallable transaction
22:15:54.803 [Test worker] INFO  - Could not captureCallable transaction
22:15:55.843 [Test worker] INFO  - Bank error Requests timed out
22:15:55.845 [Test worker] INFO  - Could not captureCallable transaction
22:15:55.849 [Test worker] INFO  - Tried to refund an un captured transaction with ID 11
22:15:55.851 [pool-250-thread-2] INFO  - Bank error - bank returned status code -4 - payment rejected
22:15:55.851 [Test worker] ERROR  - Auth request failed
22:15:55.871 [pool-254-thread-2] INFO  - Bank error - bank returned status code -3 - payment rejected
22:15:55.872 [Test worker] ERROR  - Auth request failed
22:15:55.873 [pool-255-thread-2] INFO  - Bank error - bank returned status code 0 - payment rejected
22:15:55.873 [Test worker] ERROR  - Auth request failed
22:15:55.877 [pool-256-thread-2] INFO  - Bank error - bank returned status code -1 - payment rejected
22:15:55.877 [Test worker] ERROR  - Auth request failed
22:15:55.880 [Test worker] INFO  - The card details are invalid with status code 6 - payment rejected
22:15:55.884 [Test worker] INFO  - The card details are invalid with status code 2 - payment rejected
22:15:55.887 [Test worker] INFO  - The card details are invalid with status code 3 - payment rejected
22:15:55.889 [Test worker] INFO  - The card details are invalid with status code 3 - payment rejected
22:15:55.897 [pool-262-thread-2] INFO  - Bank error - bank returned status code -2 - payment rejected
22:15:55.897 [Test worker] ERROR  - Auth request failed
22:15:56.906 [Test worker] INFO  - Bank error Requests timed out
]]></system-out>
  <system-err><![CDATA[]]></system-err>
</testsuite>
