<?xml version="1.0" encoding="UTF-8"?>
<testsuite name="com.cps3230.assignment.payment.gateway.PaymentProcessorTests" tests="61" skipped="0" failures="0" errors="0" timestamp="2019-01-06T22:06:42" hostname="pop-os" time="2.139">
  <properties/>
  <testcase name="checkProcessPaymentWithValidTransactionAndCaptureFailureTransactionExistsButSevenDayPeriodExpired()" classname="com.cps3230.assignment.payment.gateway.PaymentProcessorTests" time="0.004"/>
  <testcase name="checkProcessPaymentWithValidTransactionAndCaptureFailureTransactionDoesNotExist()" classname="com.cps3230.assignment.payment.gateway.PaymentProcessorTests" time="0.007"/>
  <testcase name="testCreditCardDetailsWithInvalidDates(String)[1]" classname="com.cps3230.assignment.payment.gateway.PaymentProcessorTests" time="0.013"/>
  <testcase name="testCreditCardDetailsWithInvalidDates(String)[2]" classname="com.cps3230.assignment.payment.gateway.PaymentProcessorTests" time="0.0"/>
  <testcase name="testCreditCardDetailsWithInvalidDates(String)[3]" classname="com.cps3230.assignment.payment.gateway.PaymentProcessorTests" time="0.0"/>
  <testcase name="testCreditCardDetailsWithInvalidDates(String)[4]" classname="com.cps3230.assignment.payment.gateway.PaymentProcessorTests" time="0.001"/>
  <testcase name="verifyTheTransactionDatabaseIsAccessedWhenPaymentAuthorized()" classname="com.cps3230.assignment.payment.gateway.PaymentProcessorTests" time="0.003"/>
  <testcase name="assertUpdateTransactionsWithAlreadyCapturedTransactions()" classname="com.cps3230.assignment.payment.gateway.PaymentProcessorTests" time="0.001"/>
  <testcase name="testOfflineVerificationWithInvvalidPrefixes(String)[1]" classname="com.cps3230.assignment.payment.gateway.PaymentProcessorTests" time="0.001"/>
  <testcase name="testOfflineVerificationWithInvvalidPrefixes(String)[2]" classname="com.cps3230.assignment.payment.gateway.PaymentProcessorTests" time="0.0"/>
  <testcase name="checkProcessPaymentReturnsStatusCodeTwoWhenCaptureIsDelayedPastTimeOut()" classname="com.cps3230.assignment.payment.gateway.PaymentProcessorTests" time="1.004"/>
  <testcase name="checkProcessPaymentWithValidTransactionAndCaptureFailureTransactionExistsButUnknownCaptureError()" classname="com.cps3230.assignment.payment.gateway.PaymentProcessorTests" time="0.004"/>
  <testcase name="checkProcessPaymentWithValidTransactionAndCaptureFailureTransactionExistsButAlreadyCaptured()" classname="com.cps3230.assignment.payment.gateway.PaymentProcessorTests" time="0.004"/>
  <testcase name="checkOfflineVerificationWithInvalidCardBrands()" classname="com.cps3230.assignment.payment.gateway.PaymentProcessorTests" time="0.001"/>
  <testcase name="checkRefundFailsIfTransactionNotCaptured()" classname="com.cps3230.assignment.payment.gateway.PaymentProcessorTests" time="0.001"/>
  <testcase name="checkProcessPaymentWhenAuthFailsBecauseOfRandomError()" classname="com.cps3230.assignment.payment.gateway.PaymentProcessorTests" time="0.002"/>
  <testcase name="checkOfflineValidationWhenObjectHasEmptyFields(CcInfo)[1]" classname="com.cps3230.assignment.payment.gateway.PaymentProcessorTests" time="0.0"/>
  <testcase name="checkOfflineValidationWhenObjectHasEmptyFields(CcInfo)[2]" classname="com.cps3230.assignment.payment.gateway.PaymentProcessorTests" time="0.0"/>
  <testcase name="checkOfflineValidationWhenObjectHasEmptyFields(CcInfo)[3]" classname="com.cps3230.assignment.payment.gateway.PaymentProcessorTests" time="0.001"/>
  <testcase name="checkOfflineValidationWhenObjectHasEmptyFields(CcInfo)[4]" classname="com.cps3230.assignment.payment.gateway.PaymentProcessorTests" time="0.0"/>
  <testcase name="checkOfflineValidationWhenObjectHasEmptyFields(CcInfo)[5]" classname="com.cps3230.assignment.payment.gateway.PaymentProcessorTests" time="0.0"/>
  <testcase name="checkOfflineValidationWhenObjectHasEmptyFields(CcInfo)[6]" classname="com.cps3230.assignment.payment.gateway.PaymentProcessorTests" time="0.0"/>
  <testcase name="checkOfflineValidationWhenObjectHasEmptyFields(CcInfo)[7]" classname="com.cps3230.assignment.payment.gateway.PaymentProcessorTests" time="0.0"/>
  <testcase name="checkOfflineValidationWhenObjectHasEmptyFields(CcInfo)[8]" classname="com.cps3230.assignment.payment.gateway.PaymentProcessorTests" time="0.0"/>
  <testcase name="checkOfflineValidationWhenObjectHasEmptyFields(CcInfo)[9]" classname="com.cps3230.assignment.payment.gateway.PaymentProcessorTests" time="0.0"/>
  <testcase name="checkOfflineValidationWhenObjectHasEmptyFields(CcInfo)[10]" classname="com.cps3230.assignment.payment.gateway.PaymentProcessorTests" time="0.001"/>
  <testcase name="checkOfflineValidationWhenObjectHasEmptyFields(CcInfo)[11]" classname="com.cps3230.assignment.payment.gateway.PaymentProcessorTests" time="0.0"/>
  <testcase name="checkOfflineValidationWhenObjectHasEmptyFields(CcInfo)[12]" classname="com.cps3230.assignment.payment.gateway.PaymentProcessorTests" time="0.0"/>
  <testcase name="checkOfflineVerificationWithInvalidCardNumbers(String)[1]" classname="com.cps3230.assignment.payment.gateway.PaymentProcessorTests" time="0.0"/>
  <testcase name="checkOfflineVerificationWithInvalidCardNumbers(String)[2]" classname="com.cps3230.assignment.payment.gateway.PaymentProcessorTests" time="0.0"/>
  <testcase name="checkOfflineVerificationWithInvalidCardNumbers(String)[3]" classname="com.cps3230.assignment.payment.gateway.PaymentProcessorTests" time="0.0"/>
  <testcase name="verifyTheTransactionDatabaseIsAccessedWhenPaymentCleared()" classname="com.cps3230.assignment.payment.gateway.PaymentProcessorTests" time="0.001"/>
  <testcase name="checkProcessPaymentReturnsOkWhenPaymentCleared()" classname="com.cps3230.assignment.payment.gateway.PaymentProcessorTests" time="0.001"/>
  <testcase name="assertUpdateTransactionsVoidsAuthorizedTransactions()" classname="com.cps3230.assignment.payment.gateway.PaymentProcessorTests" time="0.003"/>
  <testcase name="checkOfflineValidationWhenCardIsExpired()" classname="com.cps3230.assignment.payment.gateway.PaymentProcessorTests" time="0.0"/>
  <testcase name="checkProcessPaymentWhenAuthFailsBecauseOfSomeBankError()" classname="com.cps3230.assignment.payment.gateway.PaymentProcessorTests" time="0.001"/>
  <testcase name="checkIfBankProxyAuthIsBeingCalledFromProcessPayment()" classname="com.cps3230.assignment.payment.gateway.PaymentProcessorTests" time="0.004"/>
  <testcase name="checkProcessPaymentFailsWhenAuthorisationFailsBecauseBankDetailsInvalid()" classname="com.cps3230.assignment.payment.gateway.PaymentProcessorTests" time="0.002"/>
  <testcase name="checkProcessPaymentVerifiesCreditCardDetailsWithInvalidCardTypeAndCardNumber(CcInfo)[1]" classname="com.cps3230.assignment.payment.gateway.PaymentProcessorTests" time="0.001"/>
  <testcase name="checkProcessPaymentVerifiesCreditCardDetailsWithInvalidCardTypeAndCardNumber(CcInfo)[2]" classname="com.cps3230.assignment.payment.gateway.PaymentProcessorTests" time="0.001"/>
  <testcase name="checkProcessPaymentVerifiesCreditCardDetailsWithInvalidCardTypeAndCardNumber(CcInfo)[3]" classname="com.cps3230.assignment.payment.gateway.PaymentProcessorTests" time="0.001"/>
  <testcase name="checkProcessPaymentVerifiesCreditCardDetailsWithInvalidCardTypeAndCardNumber(CcInfo)[4]" classname="com.cps3230.assignment.payment.gateway.PaymentProcessorTests" time="0.002"/>
  <testcase name="assertRefundWorksWithCapturedTransaction()" classname="com.cps3230.assignment.payment.gateway.PaymentProcessorTests" time="0.001"/>
  <testcase name="checkOfflineValidationWithValidCreditCardDetails(CcInfo)[1]" classname="com.cps3230.assignment.payment.gateway.PaymentProcessorTests" time="0.0"/>
  <testcase name="checkOfflineValidationWithValidCreditCardDetails(CcInfo)[2]" classname="com.cps3230.assignment.payment.gateway.PaymentProcessorTests" time="0.0"/>
  <testcase name="checkOfflineValidationWithValidCreditCardDetails(CcInfo)[3]" classname="com.cps3230.assignment.payment.gateway.PaymentProcessorTests" time="0.0"/>
  <testcase name="checkLuhnFailsWhenCardIsNull()" classname="com.cps3230.assignment.payment.gateway.PaymentProcessorTests" time="0.0"/>
  <testcase name="assertUpdateTransactionsCapturesAuthorizedTransactions()" classname="com.cps3230.assignment.payment.gateway.PaymentProcessorTests" time="0.002"/>
  <testcase name="checkProcessPaymentWhenAuthFailsBecauseUserDoesNotHaveFunds()" classname="com.cps3230.assignment.payment.gateway.PaymentProcessorTests" time="0.002"/>
  <testcase name="checkAuthorizedValuesStayAuthorizedOnUnknownCaptureError()" classname="com.cps3230.assignment.payment.gateway.PaymentProcessorTests" time="0.002"/>
  <testcase name="assertGetConnectionReturnsADatabaseConnection()" classname="com.cps3230.assignment.payment.gateway.PaymentProcessorTests" time="0.0"/>
  <testcase name="checkLuhnWorksCorrectlyWithValidCards(String)[1]" classname="com.cps3230.assignment.payment.gateway.PaymentProcessorTests" time="0.0"/>
  <testcase name="checkLuhnWorksCorrectlyWithValidCards(String)[2]" classname="com.cps3230.assignment.payment.gateway.PaymentProcessorTests" time="0.0"/>
  <testcase name="checkLuhnWorksCorrectlyWithValidCards(String)[3]" classname="com.cps3230.assignment.payment.gateway.PaymentProcessorTests" time="0.0"/>
  <testcase name="checkLuhnWorksCorrectlyWithValidCards(String)[4]" classname="com.cps3230.assignment.payment.gateway.PaymentProcessorTests" time="0.001"/>
  <testcase name="checkLuhnWorksCorrectlyWithValidCards(String)[5]" classname="com.cps3230.assignment.payment.gateway.PaymentProcessorTests" time="0.001"/>
  <testcase name="checkLuhnValidationFailsWithInvalidCards(String)[1]" classname="com.cps3230.assignment.payment.gateway.PaymentProcessorTests" time="0.0"/>
  <testcase name="checkLuhnValidationFailsWithInvalidCards(String)[2]" classname="com.cps3230.assignment.payment.gateway.PaymentProcessorTests" time="0.001"/>
  <testcase name="checkLuhnValidationFailsWithInvalidCards(String)[3]" classname="com.cps3230.assignment.payment.gateway.PaymentProcessorTests" time="0.0"/>
  <testcase name="checkLuhnValidationFailsWithInvalidCards(String)[4]" classname="com.cps3230.assignment.payment.gateway.PaymentProcessorTests" time="0.0"/>
  <testcase name="checkProcessPaymentReturnsStatusCodeTwoWhenAuthorizeIsDelayedPastTimeOut()" classname="com.cps3230.assignment.payment.gateway.PaymentProcessorTests" time="1.003"/>
  <system-out><![CDATA[23:06:42.957 [Test worker] INFO  - Could not captureCallable transaction
23:06:42.965 [Test worker] INFO  - Could not captureCallable transaction
23:06:44.015 [Test worker] INFO  - Bank error Requests timed out
23:06:44.021 [Test worker] INFO  - Could not captureCallable transaction
23:06:44.031 [Test worker] INFO  - Tried to refund an un captured transaction with ID 11
23:06:44.033 [pool-250-thread-2] INFO  - Bank error - bank returned status code -4 - payment rejected
23:06:44.034 [Test worker] ERROR  - Auth request failed
23:06:44.057 [pool-254-thread-2] INFO  - Bank error - bank returned status code -3 - payment rejected
23:06:44.057 [Test worker] ERROR  - Auth request failed
23:06:44.058 [pool-255-thread-2] INFO  - Bank error - bank returned status code 0 - payment rejected
23:06:44.058 [Test worker] ERROR  - Auth request failed
23:06:44.063 [pool-256-thread-2] INFO  - Bank error - bank returned status code -1 - payment rejected
23:06:44.063 [Test worker] ERROR  - Auth request failed
23:06:44.066 [Test worker] INFO  - The card details are invalid with status code 6 - payment rejected
23:06:44.068 [Test worker] INFO  - The card details are invalid with status code 2 - payment rejected
23:06:44.069 [Test worker] INFO  - The card details are invalid with status code 3 - payment rejected
23:06:44.071 [Test worker] INFO  - The card details are invalid with status code 3 - payment rejected
23:06:44.079 [pool-262-thread-2] INFO  - Bank error - bank returned status code -2 - payment rejected
23:06:44.079 [Test worker] ERROR  - Auth request failed
23:06:45.092 [Test worker] INFO  - Bank error Requests timed out
]]></system-out>
  <system-err><![CDATA[]]></system-err>
</testsuite>
