<?xml version="1.0" encoding="UTF-8"?>
<testsuite name="com.cps3230.assignment.payment.webapp.PaymentProcessorWebTests" tests="1" skipped="1" failures="0" errors="0" timestamp="2019-01-06T22:03:44" hostname="pop-os" time="11.019">
  <properties/>
  <testcase name="runCucumberTests" classname="com.cps3230.assignment.payment.webapp.PaymentProcessorWebTests" time="11.019">
    <skipped/>
  </testcase>
  <system-out><![CDATA[23:03:42.185 [Test worker] DEBUG org.springframework.test.annotation.ProfileValueUtils - Retrieved @ProfileValueSourceConfiguration [null] for test class [com.cps3230.assignment.payment.webapp.PaymentProcessorWebTests]
23:03:42.185 [Test worker] DEBUG org.springframework.test.annotation.ProfileValueUtils - Retrieved ProfileValueSource type [class org.springframework.test.annotation.SystemProfileValueSource] for class [com.cps3230.assignment.payment.webapp.PaymentProcessorWebTests]
23:03:42.185 [Test worker] DEBUG org.springframework.test.annotation.ProfileValueUtils - Retrieved @ProfileValueSourceConfiguration [null] for test class [com.cps3230.assignment.payment.webapp.PaymentProcessorWebTests]
23:03:42.185 [Test worker] DEBUG org.springframework.test.annotation.ProfileValueUtils - Retrieved ProfileValueSource type [class org.springframework.test.annotation.SystemProfileValueSource] for class [com.cps3230.assignment.payment.webapp.PaymentProcessorWebTests]
23:03:42.187 [Test worker] DEBUG org.springframework.test.context.support.AbstractDirtiesContextTestExecutionListener - Before test class: context [DefaultTestContext@410718f7 testClass = PaymentProcessorWebTests, testInstance = [null], testMethod = [null], testException = [null], mergedContextConfiguration = [WebMergedContextConfiguration@65871561 testClass = PaymentProcessorWebTests, locations = '{}', classes = '{class com.cps3230.assignment.payment.webapp.Application, class com.cps3230.assignment.payment.webapp.TestApplicationConfiguration}', contextInitializerClasses = '[]', activeProfiles = '{}', propertySourceLocations = '{}', propertySourceProperties = '{org.springframework.boot.test.context.SpringBootTestContextBootstrapper=true}', contextCustomizers = set[org.springframework.boot.test.autoconfigure.properties.PropertyMappingContextCustomizer@0, org.springframework.boot.test.autoconfigure.web.servlet.WebDriverContextCustomizerFactory$Customizer@82f971, org.springframework.boot.test.context.filter.ExcludeFilterContextCustomizer@42ae7825, org.springframework.boot.test.json.DuplicateJsonObjectContextCustomizerFactory$DuplicateJsonObjectContextCustomizer@42a739b1, org.springframework.boot.test.mock.mockito.MockitoContextCustomizer@0, org.springframework.boot.test.web.client.TestRestTemplateContextCustomizer@380b5432], resourceBasePath = 'src/main/webapp', contextLoader = 'org.springframework.boot.test.context.SpringBootContextLoader', parent = [null]], attributes = map['org.springframework.test.context.web.ServletTestExecutionListener.activateListener' -> false]], class annotated with @DirtiesContext [false] with mode [null].
23:03:42.188 [Test worker] DEBUG org.springframework.test.annotation.ProfileValueUtils - Retrieved @ProfileValueSourceConfiguration [null] for test class [com.cps3230.assignment.payment.webapp.PaymentProcessorWebTests]
23:03:42.188 [Test worker] DEBUG org.springframework.test.annotation.ProfileValueUtils - Retrieved ProfileValueSource type [class org.springframework.test.annotation.SystemProfileValueSource] for class [com.cps3230.assignment.payment.webapp.PaymentProcessorWebTests]
23:03:42.191 [Test worker] DEBUG org.springframework.test.context.support.DependencyInjectionTestExecutionListener - Performing dependency injection for test context [[DefaultTestContext@410718f7 testClass = PaymentProcessorWebTests, testInstance = com.cps3230.assignment.payment.webapp.PaymentProcessorWebTests@f859132, testMethod = [null], testException = [null], mergedContextConfiguration = [WebMergedContextConfiguration@65871561 testClass = PaymentProcessorWebTests, locations = '{}', classes = '{class com.cps3230.assignment.payment.webapp.Application, class com.cps3230.assignment.payment.webapp.TestApplicationConfiguration}', contextInitializerClasses = '[]', activeProfiles = '{}', propertySourceLocations = '{}', propertySourceProperties = '{org.springframework.boot.test.context.SpringBootTestContextBootstrapper=true}', contextCustomizers = set[org.springframework.boot.test.autoconfigure.properties.PropertyMappingContextCustomizer@0, org.springframework.boot.test.autoconfigure.web.servlet.WebDriverContextCustomizerFactory$Customizer@82f971, org.springframework.boot.test.context.filter.ExcludeFilterContextCustomizer@42ae7825, org.springframework.boot.test.json.DuplicateJsonObjectContextCustomizerFactory$DuplicateJsonObjectContextCustomizer@42a739b1, org.springframework.boot.test.mock.mockito.MockitoContextCustomizer@0, org.springframework.boot.test.web.client.TestRestTemplateContextCustomizer@380b5432], resourceBasePath = 'src/main/webapp', contextLoader = 'org.springframework.boot.test.context.SpringBootContextLoader', parent = [null]], attributes = map['org.springframework.test.context.web.ServletTestExecutionListener.activateListener' -> false]]].
23:03:42.205 [Test worker] DEBUG org.springframework.test.context.support.TestPropertySourceUtils - Adding inlined properties to environment: {spring.jmx.enabled=false, org.springframework.boot.test.context.SpringBootTestContextBootstrapper=true}

  .   ____          _            __ _ _
 /\\ / ___'_ __ _ _(_)_ __  __ _ \ \ \ \
( ( )\___ | '_ | '_| | '_ \/ _` | \ \ \ \
 \\/  ___)| |_)| | | | | || (_| |  ) ) ) )
  '  |____| .__|_| |_|_| |_\__, | / / / /
 =========|_|==============|___/=/_/_/_/
 :: Spring Boot ::        (v2.1.1.RELEASE)

2019-01-06 23:03:42.461  INFO 16225 --- [    Test worker] c.c.a.p.webapp.PaymentProcessorWebTests  : Starting PaymentProcessorWebTests on pop-os with PID 16225 (started by drago in /home/drago/IdeaProjects/TestingAssignment)
2019-01-06 23:03:42.463  INFO 16225 --- [    Test worker] c.c.a.p.webapp.PaymentProcessorWebTests  : No active profile set, falling back to default profiles: default
2019-01-06 23:03:43.705  INFO 16225 --- [    Test worker] o.s.b.w.embedded.tomcat.TomcatWebServer  : Tomcat initialized with port(s): 8080 (http)
2019-01-06 23:03:43.728  INFO 16225 --- [    Test worker] o.apache.catalina.core.StandardService   : Starting service [Tomcat]
2019-01-06 23:03:43.728  INFO 16225 --- [    Test worker] org.apache.catalina.core.StandardEngine  : Starting Servlet Engine: Apache Tomcat/9.0.13
2019-01-06 23:03:43.737  INFO 16225 --- [    Test worker] o.a.catalina.core.AprLifecycleListener   : The APR based Apache Tomcat Native library which allows optimal performance in production environments was not found on the java.library.path: [/usr/java/packages/lib:/usr/lib/x86_64-linux-gnu/jni:/lib/x86_64-linux-gnu:/usr/lib/x86_64-linux-gnu:/usr/lib/jni:/lib:/usr/lib]
2019-01-06 23:03:43.844  INFO 16225 --- [    Test worker] o.a.c.c.C.[Tomcat].[localhost].[/]       : Initializing Spring embedded WebApplicationContext
2019-01-06 23:03:43.844  INFO 16225 --- [    Test worker] o.s.web.context.ContextLoader            : Root WebApplicationContext: initialization completed in 1361 ms
2019-01-06 23:03:44.143  INFO 16225 --- [    Test worker] o.s.s.concurrent.ThreadPoolTaskExecutor  : Initializing ExecutorService 'applicationTaskExecutor'
2019-01-06 23:03:44.527  INFO 16225 --- [    Test worker] o.s.b.w.embedded.tomcat.TomcatWebServer  : Tomcat started on port(s): 8080 (http) with context path ''
2019-01-06 23:03:44.530  INFO 16225 --- [    Test worker] c.c.a.p.webapp.PaymentProcessorWebTests  : Started PaymentProcessorWebTests in 2.323 seconds (JVM running for 6.026)
2019-01-06 23:03:45.601  INFO 16225 --- [ null to remote] o.o.selenium.remote.ProtocolHandshake    : Detected dialect: OSS
2019-01-06 23:03:45.690  INFO 16225 --- [nio-8080-exec-1] o.a.c.c.C.[Tomcat].[localhost].[/]       : Initializing Spring DispatcherServlet 'dispatcherServlet'
2019-01-06 23:03:45.692  INFO 16225 --- [nio-8080-exec-1] o.s.web.servlet.DispatcherServlet        : Initializing Servlet 'dispatcherServlet'
2019-01-06 23:03:45.718  INFO 16225 --- [nio-8080-exec-1] o.s.web.servlet.DispatcherServlet        : Completed initialization in 26 ms
?[32m.?[0m?[32m.?[0m?[32m.?[0m?[32m.?[0m2019-01-06 23:03:47.586  INFO 16225 --- [nio-8080-exec-5]                                          : The card details are invalid with status code 6 - payment rejected
?[32m.?[0m?[32m.?[0m?[32m.?[0m2019-01-06 23:03:48.071  INFO 16225 --- [nio-8080-exec-7]                                          : The card details are invalid with status code 6 - payment rejected
?[32m.?[0m?[32m.?[0m?[32m.?[0m2019-01-06 23:03:48.633  INFO 16225 --- [nio-8080-exec-9]                                          : The card details are invalid with status code 6 - payment rejected
?[32m.?[0m?[32m.?[0m?[32m.?[0m2019-01-06 23:03:49.051  INFO 16225 --- [nio-8080-exec-1]                                          : The card details are invalid with status code 6 - payment rejected
?[32m.?[0m?[32m.?[0m?[32m.?[0m2019-01-06 23:03:49.463  INFO 16225 --- [nio-8080-exec-3]                                          : The card details are invalid with status code 6 - payment rejected
?[32m.?[0m?[32m.?[0m?[32m.?[0m2019-01-06 23:03:49.928  INFO 16225 --- [nio-8080-exec-5]                                          : The card details are invalid with status code 1 - payment rejected
?[32m.?[0m?[32m.?[0m?[32m.?[0m2019-01-06 23:03:50.394  INFO 16225 --- [nio-8080-exec-7]                                          : The card details are invalid with status code 1 - payment rejected
?[32m.?[0m?[32m.?[0m?[32m.?[0m2019-01-06 23:03:50.798  INFO 16225 --- [nio-8080-exec-9]                                          : The card details are invalid with status code 3 - payment rejected
?[32m.?[0m?[32m.?[0m?[32m.?[0m2019-01-06 23:03:51.231  INFO 16225 --- [nio-8080-exec-1]                                          : The card details are invalid with status code 3 - payment rejected
?[32m.?[0m?[32m.?[0m?[32m.?[0m2019-01-06 23:03:51.636  INFO 16225 --- [nio-8080-exec-3]                                          : The card details are invalid with status code 3 - payment rejected
?[32m.?[0m?[32m.?[0m?[32m.?[0m2019-01-06 23:03:52.091  INFO 16225 --- [nio-8080-exec-5]                                          : The card details are invalid with status code 3 - payment rejected
?[32m.?[0m?[32m.?[0m?[32m.?[0m2019-01-06 23:03:52.539  INFO 16225 --- [nio-8080-exec-7]                                          : The card details are invalid with status code 3 - payment rejected
?[32m.?[0m?[32m.?[0m?[32m.?[0m2019-01-06 23:03:52.910  INFO 16225 --- [nio-8080-exec-9]                                          : The card details are invalid with status code 5 - payment rejected
?[32m.?[0m?[32m.?[0m?[32m.?[0m2019-01-06 23:03:53.316  INFO 16225 --- [nio-8080-exec-1]                                          : The card details are invalid with status code 5 - payment rejected
?[32m.?[0m?[32m.?[0m?[32m.?[0m?[32m.?[0m?[32m.?[0m?[32m.?[0m?[32m.?[0m?[32m.?[0m?[32m.?[0m?[32m.?[0m?[32m.?[0m?[32m.?[0m?[32m.?[0m?[32m.?[0m?[32m.?[0m
19 Scenarios (?[32m19 passed?[0m)
58 Steps (?[32m58 passed?[0m)
0m10.496s


2019-01-06 23:03:55.125  INFO 16225 --- [       Thread-6] o.s.s.concurrent.ThreadPoolTaskExecutor  : Shutting down ExecutorService 'applicationTaskExecutor'
2019-01-06 23:03:55.191  INFO 16225 --- [       Thread-8]                                          : Closing the browser
]]></system-out>
  <system-err><![CDATA[Starting ChromeDriver 2.41.578700 (2f1ed5f9343c13f73144538f15c00b370eda6706) on port 3397
Only local connections are allowed.
]]></system-err>
</testsuite>
