<?xml version="1.0" encoding="UTF-8"?>
<testsuite name="com.cps3230.assignment.payment.gateway.TransactionModelTest" tests="3" skipped="0" failures="0" errors="0" timestamp="2019-01-06T20:01:36" hostname="pop-os" time="0.728">
  <properties/>
  <testcase name="runModelTestsWithGreedyTester()" classname="com.cps3230.assignment.payment.gateway.TransactionModelTest" time="0.398"/>
  <testcase name="runModelTestsWithRandomTester()" classname="com.cps3230.assignment.payment.gateway.TransactionModelTest" time="0.184"/>
  <testcase name="runModelTestsWithAllRoundTester()" classname="com.cps3230.assignment.payment.gateway.TransactionModelTest" time="0.144"/>
  <system-out><![CDATA[21:01:36.671 [pool-4-thread-1] INFO  - Bank error - bank returned status code -3 - payment rejected
21:01:36.681 [pool-5-thread-1] INFO  - Bank error - bank returned status code -3 - payment rejected
21:01:36.686 [pool-6-thread-1] INFO  - Bank error - bank returned status code -3 - payment rejected
21:01:36.692 [pool-7-thread-1] INFO  - Bank error - bank returned status code -3 - payment rejected
21:01:36.699 [pool-10-thread-1] INFO  - Bank error - bank returned status code -3 - payment rejected
21:01:36.706 [pool-13-thread-1] INFO  - Bank error - bank returned status code -3 - payment rejected
21:01:36.709 [pool-14-thread-1] INFO  - Bank error - bank returned status code -3 - payment rejected
21:01:36.716 [pool-17-thread-1] INFO  - Bank error - bank returned status code -3 - payment rejected
21:01:36.718 [pool-18-thread-1] INFO  - Bank error - bank returned status code -3 - payment rejected
21:01:36.726 [pool-19-thread-1] INFO  - Bank error - bank returned status code -3 - payment rejected
done (OFFLINE_VERIFICATION, validate, AUTHORISE)
done (AUTHORISE, authorize, CAPTURE)
done (CAPTURE, sevenDayPeriodExpired, VOID)
done Forced reset(true)
done (OFFLINE_VERIFICATION, invalidateLuhn, OFFLINE_VERIFICATION)
done (OFFLINE_VERIFICATION, invalidateDate, OFFLINE_VERIFICATION)
done (OFFLINE_VERIFICATION, invalidatePrefix, OFFLINE_VERIFICATION)
done (OFFLINE_VERIFICATION, invalidateCardBrand, OFFLINE_VERIFICATION)
done (OFFLINE_VERIFICATION, invalidate, OFFLINE_VERIFICATION)
done (OFFLINE_VERIFICATION, invalidateCardBrand, OFFLINE_VERIFICATION)
done (OFFLINE_VERIFICATION, invalidateDate, OFFLINE_VERIFICATION)
done (OFFLINE_VERIFICATION, invalidatePrefix, OFFLINE_VERIFICATION)
done (OFFLINE_VERIFICATION, validate, AUTHORISE)
21:01:36.740 [pool-25-thread-1] INFO  - Bank error - bank returned status code -3 - payment rejected
done (AUTHORISE, authFailBankError, OFFLINE_VERIFICATION)
done Random reset(true)
done (OFFLINE_VERIFICATION, invalidateDate, OFFLINE_VERIFICATION)
done (OFFLINE_VERIFICATION, invalidate, OFFLINE_VERIFICATION)
done (OFFLINE_VERIFICATION, invalidate, OFFLINE_VERIFICATION)
done (OFFLINE_VERIFICATION, invalidateCardBrand, OFFLINE_VERIFICATION)
done (OFFLINE_VERIFICATION, invalidateDate, OFFLINE_VERIFICATION)
done (OFFLINE_VERIFICATION, invalidatePrefix, OFFLINE_VERIFICATION)
done (OFFLINE_VERIFICATION, invalidatePrefix, OFFLINE_VERIFICATION)
done (OFFLINE_VERIFICATION, invalidate, OFFLINE_VERIFICATION)
done (OFFLINE_VERIFICATION, invalidateDate, OFFLINE_VERIFICATION)
done (OFFLINE_VERIFICATION, validate, AUTHORISE)
21:01:36.745 [pool-26-thread-1] INFO  - Bank error - bank returned status code -3 - payment rejected
done (AUTHORISE, bankDetailsInvalid, OFFLINE_VERIFICATION)
done Forced reset(true)
done (OFFLINE_VERIFICATION, invalidatePrefix, OFFLINE_VERIFICATION)
done (OFFLINE_VERIFICATION, invalidateCardBrand, OFFLINE_VERIFICATION)
done (OFFLINE_VERIFICATION, invalidate, OFFLINE_VERIFICATION)
done (OFFLINE_VERIFICATION, invalidateCardBrand, OFFLINE_VERIFICATION)
done (OFFLINE_VERIFICATION, validate, AUTHORISE)
21:01:36.748 [pool-27-thread-1] INFO  - Bank error - bank returned status code -3 - payment rejected
done (AUTHORISE, authFailBankError, OFFLINE_VERIFICATION)
done Forced reset(true)
done (OFFLINE_VERIFICATION, invalidate, OFFLINE_VERIFICATION)
done (OFFLINE_VERIFICATION, invalidateCardBrand, OFFLINE_VERIFICATION)
done (OFFLINE_VERIFICATION, invalidateDate, OFFLINE_VERIFICATION)
done (OFFLINE_VERIFICATION, invalidatePrefix, OFFLINE_VERIFICATION)
done (OFFLINE_VERIFICATION, invalidateCardBrand, OFFLINE_VERIFICATION)
done (OFFLINE_VERIFICATION, invalidate, OFFLINE_VERIFICATION)
done (OFFLINE_VERIFICATION, invalidateDate, OFFLINE_VERIFICATION)
done (OFFLINE_VERIFICATION, invalidate, OFFLINE_VERIFICATION)
done Random reset(true)
done (OFFLINE_VERIFICATION, validate, AUTHORISE)
21:01:36.754 [pool-28-thread-1] INFO  - Bank error - bank returned status code -3 - payment rejected
done (AUTHORISE, bankDetailsInvalid, OFFLINE_VERIFICATION)
done Forced reset(true)
done (OFFLINE_VERIFICATION, invalidateCardBrand, OFFLINE_VERIFICATION)
done (OFFLINE_VERIFICATION, invalidate, OFFLINE_VERIFICATION)
done (OFFLINE_VERIFICATION, invalidateCardBrand, OFFLINE_VERIFICATION)
done (OFFLINE_VERIFICATION, invalidateCardBrand, OFFLINE_VERIFICATION)
done (OFFLINE_VERIFICATION, invalidatePrefix, OFFLINE_VERIFICATION)
done (OFFLINE_VERIFICATION, validate, AUTHORISE)
done (AUTHORISE, authorize, CAPTURE)
done (CAPTURE, transactionIdDoesNotExist, BANK_ERROR)
done Forced reset(true)
done (OFFLINE_VERIFICATION, invalidateCardBrand, OFFLINE_VERIFICATION)
done (OFFLINE_VERIFICATION, validate, AUTHORISE)
21:01:36.763 [pool-31-thread-1] INFO  - Bank error - bank returned status code -3 - payment rejected
done (AUTHORISE, bankDetailsInvalid, OFFLINE_VERIFICATION)
done Forced reset(true)
done (OFFLINE_VERIFICATION, invalidateDate, OFFLINE_VERIFICATION)
done Random reset(true)
done (OFFLINE_VERIFICATION, invalidatePrefix, OFFLINE_VERIFICATION)
done (OFFLINE_VERIFICATION, validate, AUTHORISE)
done (AUTHORISE, authorize, CAPTURE)
done (CAPTURE, capture, CAPTURED)
done (CAPTURED, refund, REFUND)
done Forced reset(true)
done (OFFLINE_VERIFICATION, invalidateCardBrand, OFFLINE_VERIFICATION)
done (OFFLINE_VERIFICATION, validate, AUTHORISE)
21:01:36.768 [pool-34-thread-1] INFO  - Bank error - bank returned status code -3 - payment rejected
done (AUTHORISE, authFailBankError, OFFLINE_VERIFICATION)
done Forced reset(true)
done (OFFLINE_VERIFICATION, invalidate, OFFLINE_VERIFICATION)
done Random reset(true)
done (OFFLINE_VERIFICATION, invalidate, OFFLINE_VERIFICATION)
done (OFFLINE_VERIFICATION, invalidateLuhn, OFFLINE_VERIFICATION)
done (OFFLINE_VERIFICATION, validate, AUTHORISE)
21:01:36.771 [pool-35-thread-1] INFO  - Bank error - bank returned status code -3 - payment rejected
done (AUTHORISE, authFailBankError, OFFLINE_VERIFICATION)
done Forced reset(true)
done (OFFLINE_VERIFICATION, invalidate, OFFLINE_VERIFICATION)
done (OFFLINE_VERIFICATION, invalidate, OFFLINE_VERIFICATION)
done (OFFLINE_VERIFICATION, invalidatePrefix, OFFLINE_VERIFICATION)
done (OFFLINE_VERIFICATION, invalidateLuhn, OFFLINE_VERIFICATION)
done (OFFLINE_VERIFICATION, validate, AUTHORISE)
done (AUTHORISE, authorize, CAPTURE)
done (CAPTURE, isAlreadyCaptured, CAPTURED)
done (CAPTURED, refund, REFUND)
done Forced reset(true)
done (OFFLINE_VERIFICATION, invalidatePrefix, OFFLINE_VERIFICATION)
done (OFFLINE_VERIFICATION, invalidate, OFFLINE_VERIFICATION)
done (OFFLINE_VERIFICATION, invalidateCardBrand, OFFLINE_VERIFICATION)
done (OFFLINE_VERIFICATION, invalidate, OFFLINE_VERIFICATION)
done Random reset(true)
done (OFFLINE_VERIFICATION, validate, AUTHORISE)
21:01:36.779 [pool-38-thread-1] INFO  - Bank error - bank returned status code -3 - payment rejected
done (AUTHORISE, bankDetailsInvalid, OFFLINE_VERIFICATION)
done Forced reset(true)
done (OFFLINE_VERIFICATION, validate, AUTHORISE)
21:01:36.781 [pool-39-thread-1] INFO  - Bank error - bank returned status code -3 - payment rejected
done (AUTHORISE, authFailBankError, OFFLINE_VERIFICATION)
done Forced reset(true)
done (OFFLINE_VERIFICATION, invalidatePrefix, OFFLINE_VERIFICATION)
done (OFFLINE_VERIFICATION, invalidatePrefix, OFFLINE_VERIFICATION)
done (OFFLINE_VERIFICATION, invalidate, OFFLINE_VERIFICATION)
done (OFFLINE_VERIFICATION, invalidateLuhn, OFFLINE_VERIFICATION)
done (OFFLINE_VERIFICATION, invalidateLuhn, OFFLINE_VERIFICATION)
done (OFFLINE_VERIFICATION, invalidateDate, OFFLINE_VERIFICATION)
done (OFFLINE_VERIFICATION, invalidatePrefix, OFFLINE_VERIFICATION)
done (OFFLINE_VERIFICATION, invalidate, OFFLINE_VERIFICATION)
done (OFFLINE_VERIFICATION, invalidateCardBrand, OFFLINE_VERIFICATION)
done Random reset(true)
done (OFFLINE_VERIFICATION, invalidateCardBrand, OFFLINE_VERIFICATION)
done (OFFLINE_VERIFICATION, invalidate, OFFLINE_VERIFICATION)
done Random reset(true)
done Random reset(true)
done (OFFLINE_VERIFICATION, invalidateLuhn, OFFLINE_VERIFICATION)
done (OFFLINE_VERIFICATION, invalidate, OFFLINE_VERIFICATION)
done (OFFLINE_VERIFICATION, invalidatePrefix, OFFLINE_VERIFICATION)
done (OFFLINE_VERIFICATION, invalidateCardBrand, OFFLINE_VERIFICATION)
done (OFFLINE_VERIFICATION, invalidatePrefix, OFFLINE_VERIFICATION)
done (OFFLINE_VERIFICATION, invalidatePrefix, OFFLINE_VERIFICATION)
done (OFFLINE_VERIFICATION, invalidatePrefix, OFFLINE_VERIFICATION)
done (OFFLINE_VERIFICATION, invalidate, OFFLINE_VERIFICATION)
done (OFFLINE_VERIFICATION, invalidateDate, OFFLINE_VERIFICATION)
done (OFFLINE_VERIFICATION, invalidatePrefix, OFFLINE_VERIFICATION)
done (OFFLINE_VERIFICATION, invalidateDate, OFFLINE_VERIFICATION)
done (OFFLINE_VERIFICATION, invalidateLuhn, OFFLINE_VERIFICATION)
done (OFFLINE_VERIFICATION, invalidatePrefix, OFFLINE_VERIFICATION)
done (OFFLINE_VERIFICATION, invalidateLuhn, OFFLINE_VERIFICATION)
done (OFFLINE_VERIFICATION, validate, AUTHORISE)
21:01:36.790 [pool-40-thread-1] INFO  - Bank error - bank returned status code -3 - payment rejected
done (AUTHORISE, authFailBankError, OFFLINE_VERIFICATION)
done Forced reset(true)
done (OFFLINE_VERIFICATION, validate, AUTHORISE)
done (AUTHORISE, authorize, CAPTURE)
done (CAPTURE, tryToRecaptureBecauseBankError, CAPTURE)
done (CAPTURE, sevenDayPeriodExpired, VOID)
done Forced reset(true)
done (OFFLINE_VERIFICATION, invalidateLuhn, OFFLINE_VERIFICATION)
done (OFFLINE_VERIFICATION, invalidateLuhn, OFFLINE_VERIFICATION)
done (OFFLINE_VERIFICATION, invalidateLuhn, OFFLINE_VERIFICATION)
done (OFFLINE_VERIFICATION, invalidateDate, OFFLINE_VERIFICATION)
done (OFFLINE_VERIFICATION, invalidatePrefix, OFFLINE_VERIFICATION)
done (OFFLINE_VERIFICATION, validate, AUTHORISE)
done (AUTHORISE, authorize, CAPTURE)
done (CAPTURE, tryToRecaptureBecauseBankError, CAPTURE)
done (CAPTURE, sevenDayPeriodExpired, VOID)
done Forced reset(true)
done (OFFLINE_VERIFICATION, invalidateLuhn, OFFLINE_VERIFICATION)
done (OFFLINE_VERIFICATION, invalidate, OFFLINE_VERIFICATION)
done (OFFLINE_VERIFICATION, invalidateLuhn, OFFLINE_VERIFICATION)
done (OFFLINE_VERIFICATION, invalidateLuhn, OFFLINE_VERIFICATION)
done (OFFLINE_VERIFICATION, invalidateCardBrand, OFFLINE_VERIFICATION)
done (OFFLINE_VERIFICATION, validate, AUTHORISE)
action coverage: 15/15
state coverage: 7/7
transition coverage: 15/15
21:01:36.810 [pool-47-thread-1] INFO  - Bank error - bank returned status code -3 - payment rejected
21:01:36.812 [pool-48-thread-1] INFO  - Bank error - bank returned status code -3 - payment rejected
21:01:36.815 [pool-49-thread-1] INFO  - Bank error - bank returned status code -3 - payment rejected
21:01:36.819 [pool-52-thread-1] INFO  - Bank error - bank returned status code -3 - payment rejected
21:01:36.823 [pool-55-thread-1] INFO  - Bank error - bank returned status code -3 - payment rejected
21:01:36.824 [pool-56-thread-1] INFO  - Bank error - bank returned status code -3 - payment rejected
21:01:36.831 [pool-59-thread-1] INFO  - Bank error - bank returned status code -3 - payment rejected
21:01:36.832 [pool-60-thread-1] INFO  - Bank error - bank returned status code -3 - payment rejected
21:01:36.837 [pool-61-thread-1] INFO  - Bank error - bank returned status code -3 - payment rejected
21:01:36.845 [pool-67-thread-1] INFO  - Bank error - bank returned status code -3 - payment rejected
21:01:36.848 [pool-68-thread-1] INFO  - Bank error - bank returned status code -3 - payment rejected
21:01:36.850 [pool-69-thread-1] INFO  - Bank error - bank returned status code -3 - payment rejected
21:01:36.851 [pool-70-thread-1] INFO  - Bank error - bank returned status code -3 - payment rejected
21:01:36.859 [pool-71-thread-1] INFO  - Bank error - bank returned status code -3 - payment rejected
21:01:36.861 [pool-72-thread-1] INFO  - Bank error - bank returned status code -3 - payment rejected
21:01:36.867 [pool-75-thread-1] INFO  - Bank error - bank returned status code -3 - payment rejected
21:01:36.870 [pool-78-thread-1] INFO  - Bank error - bank returned status code -3 - payment rejected
21:01:36.872 [pool-79-thread-1] INFO  - Bank error - bank returned status code -3 - payment rejected
21:01:36.874 [pool-80-thread-1] INFO  - Bank error - bank returned status code -3 - payment rejected
21:01:36.875 [pool-81-thread-1] INFO  - Bank error - bank returned status code -3 - payment rejected
21:01:36.879 [pool-84-thread-1] INFO  - Bank error - bank returned status code -3 - payment rejected
21:01:36.882 [pool-85-thread-1] INFO  - Bank error - bank returned status code -3 - payment rejected
21:01:36.888 [pool-89-thread-1] INFO  - Bank error - bank returned status code -3 - payment rejected
21:01:36.889 [pool-90-thread-1] INFO  - Bank error - bank returned status code -3 - payment rejected
done (OFFLINE_VERIFICATION, invalidatePrefix, OFFLINE_VERIFICATION)
done (OFFLINE_VERIFICATION, invalidate, OFFLINE_VERIFICATION)
done (OFFLINE_VERIFICATION, invalidateLuhn, OFFLINE_VERIFICATION)
done (OFFLINE_VERIFICATION, invalidateLuhn, OFFLINE_VERIFICATION)
done (OFFLINE_VERIFICATION, invalidate, OFFLINE_VERIFICATION)
done (OFFLINE_VERIFICATION, invalidate, OFFLINE_VERIFICATION)
done (OFFLINE_VERIFICATION, invalidatePrefix, OFFLINE_VERIFICATION)
done (OFFLINE_VERIFICATION, invalidateCardBrand, OFFLINE_VERIFICATION)
done (OFFLINE_VERIFICATION, invalidate, OFFLINE_VERIFICATION)
done (OFFLINE_VERIFICATION, validate, AUTHORISE)
21:01:36.895 [pool-93-thread-1] INFO  - Bank error - bank returned status code -3 - payment rejected
done (AUTHORISE, authFailBankError, OFFLINE_VERIFICATION)
done Forced reset(true)
done (OFFLINE_VERIFICATION, invalidatePrefix, OFFLINE_VERIFICATION)
done (OFFLINE_VERIFICATION, invalidateCardBrand, OFFLINE_VERIFICATION)
done (OFFLINE_VERIFICATION, invalidate, OFFLINE_VERIFICATION)
done (OFFLINE_VERIFICATION, invalidateCardBrand, OFFLINE_VERIFICATION)
done (OFFLINE_VERIFICATION, validate, AUTHORISE)
21:01:36.897 [pool-94-thread-1] INFO  - Bank error - bank returned status code -3 - payment rejected
done (AUTHORISE, authFailBankError, OFFLINE_VERIFICATION)
done Forced reset(true)
done (OFFLINE_VERIFICATION, invalidate, OFFLINE_VERIFICATION)
done (OFFLINE_VERIFICATION, invalidateCardBrand, OFFLINE_VERIFICATION)
done (OFFLINE_VERIFICATION, invalidateDate, OFFLINE_VERIFICATION)
done (OFFLINE_VERIFICATION, invalidatePrefix, OFFLINE_VERIFICATION)
done (OFFLINE_VERIFICATION, invalidateCardBrand, OFFLINE_VERIFICATION)
done (OFFLINE_VERIFICATION, invalidate, OFFLINE_VERIFICATION)
done (OFFLINE_VERIFICATION, invalidateDate, OFFLINE_VERIFICATION)
done (OFFLINE_VERIFICATION, invalidate, OFFLINE_VERIFICATION)
done Random reset(true)
done (OFFLINE_VERIFICATION, validate, AUTHORISE)
21:01:36.901 [pool-95-thread-1] INFO  - Bank error - bank returned status code -3 - payment rejected
done (AUTHORISE, bankDetailsInvalid, OFFLINE_VERIFICATION)
done Forced reset(true)
done (OFFLINE_VERIFICATION, invalidateCardBrand, OFFLINE_VERIFICATION)
done (OFFLINE_VERIFICATION, invalidate, OFFLINE_VERIFICATION)
done (OFFLINE_VERIFICATION, invalidateCardBrand, OFFLINE_VERIFICATION)
done (OFFLINE_VERIFICATION, invalidateCardBrand, OFFLINE_VERIFICATION)
done (OFFLINE_VERIFICATION, invalidatePrefix, OFFLINE_VERIFICATION)
done (OFFLINE_VERIFICATION, validate, AUTHORISE)
done (AUTHORISE, authorize, CAPTURE)
done (CAPTURE, sevenDayPeriodExpired, VOID)
done Forced reset(true)
done (OFFLINE_VERIFICATION, invalidateCardBrand, OFFLINE_VERIFICATION)
done (OFFLINE_VERIFICATION, validate, AUTHORISE)
21:01:36.906 [pool-98-thread-1] INFO  - Bank error - bank returned status code -3 - payment rejected
done (AUTHORISE, bankDetailsInvalid, OFFLINE_VERIFICATION)
done Forced reset(true)
done (OFFLINE_VERIFICATION, invalidateDate, OFFLINE_VERIFICATION)
done Random reset(true)
done (OFFLINE_VERIFICATION, invalidatePrefix, OFFLINE_VERIFICATION)
done (OFFLINE_VERIFICATION, validate, AUTHORISE)
done (AUTHORISE, authorize, CAPTURE)
done (CAPTURE, transactionIdDoesNotExist, BANK_ERROR)
done Forced reset(true)
done (OFFLINE_VERIFICATION, invalidateCardBrand, OFFLINE_VERIFICATION)
done (OFFLINE_VERIFICATION, validate, AUTHORISE)
21:01:36.910 [pool-101-thread-1] INFO  - Bank error - bank returned status code -3 - payment rejected
done (AUTHORISE, authFailBankError, OFFLINE_VERIFICATION)
done Forced reset(true)
done (OFFLINE_VERIFICATION, invalidate, OFFLINE_VERIFICATION)
done Random reset(true)
done (OFFLINE_VERIFICATION, invalidate, OFFLINE_VERIFICATION)
done (OFFLINE_VERIFICATION, invalidateLuhn, OFFLINE_VERIFICATION)
done (OFFLINE_VERIFICATION, validate, AUTHORISE)
21:01:36.912 [pool-102-thread-1] INFO  - Bank error - bank returned status code -3 - payment rejected
done (AUTHORISE, authFailBankError, OFFLINE_VERIFICATION)
done Forced reset(true)
done (OFFLINE_VERIFICATION, invalidate, OFFLINE_VERIFICATION)
done (OFFLINE_VERIFICATION, invalidate, OFFLINE_VERIFICATION)
done (OFFLINE_VERIFICATION, invalidatePrefix, OFFLINE_VERIFICATION)
done (OFFLINE_VERIFICATION, invalidateLuhn, OFFLINE_VERIFICATION)
done (OFFLINE_VERIFICATION, validate, AUTHORISE)
done (AUTHORISE, authorize, CAPTURE)
done (CAPTURE, capture, CAPTURED)
done (CAPTURED, refund, REFUND)
done Forced reset(true)
done (OFFLINE_VERIFICATION, invalidatePrefix, OFFLINE_VERIFICATION)
done (OFFLINE_VERIFICATION, invalidate, OFFLINE_VERIFICATION)
done (OFFLINE_VERIFICATION, invalidateCardBrand, OFFLINE_VERIFICATION)
done (OFFLINE_VERIFICATION, invalidate, OFFLINE_VERIFICATION)
done Random reset(true)
done (OFFLINE_VERIFICATION, validate, AUTHORISE)
21:01:36.915 [pool-105-thread-1] INFO  - Bank error - bank returned status code -3 - payment rejected
done (AUTHORISE, bankDetailsInvalid, OFFLINE_VERIFICATION)
done Forced reset(true)
done (OFFLINE_VERIFICATION, validate, AUTHORISE)
21:01:36.916 [pool-106-thread-1] INFO  - Bank error - bank returned status code -3 - payment rejected
done (AUTHORISE, authFailBankError, OFFLINE_VERIFICATION)
done Forced reset(true)
done (OFFLINE_VERIFICATION, invalidatePrefix, OFFLINE_VERIFICATION)
done (OFFLINE_VERIFICATION, invalidatePrefix, OFFLINE_VERIFICATION)
done (OFFLINE_VERIFICATION, invalidate, OFFLINE_VERIFICATION)
done (OFFLINE_VERIFICATION, invalidateLuhn, OFFLINE_VERIFICATION)
done (OFFLINE_VERIFICATION, invalidateLuhn, OFFLINE_VERIFICATION)
done (OFFLINE_VERIFICATION, invalidateDate, OFFLINE_VERIFICATION)
done (OFFLINE_VERIFICATION, invalidatePrefix, OFFLINE_VERIFICATION)
done (OFFLINE_VERIFICATION, invalidate, OFFLINE_VERIFICATION)
done (OFFLINE_VERIFICATION, invalidateCardBrand, OFFLINE_VERIFICATION)
done Random reset(true)
done (OFFLINE_VERIFICATION, invalidateCardBrand, OFFLINE_VERIFICATION)
done (OFFLINE_VERIFICATION, invalidate, OFFLINE_VERIFICATION)
done Random reset(true)
done Random reset(true)
done (OFFLINE_VERIFICATION, invalidateLuhn, OFFLINE_VERIFICATION)
done (OFFLINE_VERIFICATION, invalidate, OFFLINE_VERIFICATION)
done (OFFLINE_VERIFICATION, invalidatePrefix, OFFLINE_VERIFICATION)
done (OFFLINE_VERIFICATION, invalidateCardBrand, OFFLINE_VERIFICATION)
done (OFFLINE_VERIFICATION, invalidatePrefix, OFFLINE_VERIFICATION)
done (OFFLINE_VERIFICATION, invalidatePrefix, OFFLINE_VERIFICATION)
done (OFFLINE_VERIFICATION, invalidatePrefix, OFFLINE_VERIFICATION)
done (OFFLINE_VERIFICATION, invalidate, OFFLINE_VERIFICATION)
done (OFFLINE_VERIFICATION, invalidateDate, OFFLINE_VERIFICATION)
done (OFFLINE_VERIFICATION, invalidatePrefix, OFFLINE_VERIFICATION)
done (OFFLINE_VERIFICATION, invalidateDate, OFFLINE_VERIFICATION)
done (OFFLINE_VERIFICATION, invalidateLuhn, OFFLINE_VERIFICATION)
done (OFFLINE_VERIFICATION, invalidatePrefix, OFFLINE_VERIFICATION)
done (OFFLINE_VERIFICATION, invalidateLuhn, OFFLINE_VERIFICATION)
done (OFFLINE_VERIFICATION, validate, AUTHORISE)
21:01:36.920 [pool-107-thread-1] INFO  - Bank error - bank returned status code -3 - payment rejected
done (AUTHORISE, authFailBankError, OFFLINE_VERIFICATION)
done Forced reset(true)
done (OFFLINE_VERIFICATION, validate, AUTHORISE)
done (AUTHORISE, authorize, CAPTURE)
done (CAPTURE, sevenDayPeriodExpired, VOID)
done Forced reset(true)
done (OFFLINE_VERIFICATION, invalidateLuhn, OFFLINE_VERIFICATION)
done (OFFLINE_VERIFICATION, invalidateLuhn, OFFLINE_VERIFICATION)
done (OFFLINE_VERIFICATION, invalidateLuhn, OFFLINE_VERIFICATION)
done (OFFLINE_VERIFICATION, invalidateDate, OFFLINE_VERIFICATION)
done (OFFLINE_VERIFICATION, invalidatePrefix, OFFLINE_VERIFICATION)
done (OFFLINE_VERIFICATION, validate, AUTHORISE)
done (AUTHORISE, authorize, CAPTURE)
done (CAPTURE, tryToRecaptureBecauseBankError, CAPTURE)
done (CAPTURE, sevenDayPeriodExpired, VOID)
done Forced reset(true)
done (OFFLINE_VERIFICATION, invalidateLuhn, OFFLINE_VERIFICATION)
done (OFFLINE_VERIFICATION, invalidate, OFFLINE_VERIFICATION)
done (OFFLINE_VERIFICATION, invalidateLuhn, OFFLINE_VERIFICATION)
done (OFFLINE_VERIFICATION, invalidateLuhn, OFFLINE_VERIFICATION)
done (OFFLINE_VERIFICATION, invalidateCardBrand, OFFLINE_VERIFICATION)
done (OFFLINE_VERIFICATION, validate, AUTHORISE)
21:01:36.926 [pool-113-thread-1] INFO  - Bank error - bank returned status code -3 - payment rejected
done (AUTHORISE, bankDetailsInvalid, OFFLINE_VERIFICATION)
done Forced reset(true)
done (OFFLINE_VERIFICATION, invalidatePrefix, OFFLINE_VERIFICATION)
done (OFFLINE_VERIFICATION, invalidateLuhn, OFFLINE_VERIFICATION)
done (OFFLINE_VERIFICATION, invalidateLuhn, OFFLINE_VERIFICATION)
done (OFFLINE_VERIFICATION, validate, AUTHORISE)
done Random reset(true)
done (OFFLINE_VERIFICATION, invalidatePrefix, OFFLINE_VERIFICATION)
done (OFFLINE_VERIFICATION, invalidatePrefix, OFFLINE_VERIFICATION)
done (OFFLINE_VERIFICATION, invalidatePrefix, OFFLINE_VERIFICATION)
done (OFFLINE_VERIFICATION, invalidateLuhn, OFFLINE_VERIFICATION)
done (OFFLINE_VERIFICATION, invalidateCardBrand, OFFLINE_VERIFICATION)
done Random reset(true)
done (OFFLINE_VERIFICATION, validate, AUTHORISE)
21:01:36.928 [pool-114-thread-1] INFO  - Bank error - bank returned status code -3 - payment rejected
done (AUTHORISE, bankDetailsInvalid, OFFLINE_VERIFICATION)
done Forced reset(true)
done (OFFLINE_VERIFICATION, invalidateDate, OFFLINE_VERIFICATION)
done (OFFLINE_VERIFICATION, invalidateDate, OFFLINE_VERIFICATION)
done (OFFLINE_VERIFICATION, invalidateLuhn, OFFLINE_VERIFICATION)
done (OFFLINE_VERIFICATION, invalidateDate, OFFLINE_VERIFICATION)
done (OFFLINE_VERIFICATION, validate, AUTHORISE)
21:01:36.930 [pool-115-thread-1] INFO  - Bank error - bank returned status code -3 - payment rejected
done (AUTHORISE, authFailBankError, OFFLINE_VERIFICATION)
done Forced reset(true)
done (OFFLINE_VERIFICATION, invalidateLuhn, OFFLINE_VERIFICATION)
done (OFFLINE_VERIFICATION, invalidateDate, OFFLINE_VERIFICATION)
done (OFFLINE_VERIFICATION, validate, AUTHORISE)
21:01:36.932 [pool-116-thread-1] INFO  - Bank error - bank returned status code -3 - payment rejected
done (AUTHORISE, authFailBankError, OFFLINE_VERIFICATION)
done Forced reset(true)
done (OFFLINE_VERIFICATION, invalidatePrefix, OFFLINE_VERIFICATION)
done (OFFLINE_VERIFICATION, invalidateDate, OFFLINE_VERIFICATION)
done (OFFLINE_VERIFICATION, invalidateLuhn, OFFLINE_VERIFICATION)
done (OFFLINE_VERIFICATION, invalidateLuhn, OFFLINE_VERIFICATION)
done (OFFLINE_VERIFICATION, invalidateCardBrand, OFFLINE_VERIFICATION)
done (OFFLINE_VERIFICATION, validate, AUTHORISE)
done Random reset(true)
done (OFFLINE_VERIFICATION, invalidate, OFFLINE_VERIFICATION)
done (OFFLINE_VERIFICATION, invalidateLuhn, OFFLINE_VERIFICATION)
done (OFFLINE_VERIFICATION, invalidateLuhn, OFFLINE_VERIFICATION)
done (OFFLINE_VERIFICATION, invalidate, OFFLINE_VERIFICATION)
done Random reset(true)
done (OFFLINE_VERIFICATION, validate, AUTHORISE)
21:01:36.935 [pool-117-thread-1] INFO  - Bank error - bank returned status code -3 - payment rejected
done (AUTHORISE, bankDetailsInvalid, OFFLINE_VERIFICATION)
done Forced reset(true)
done (OFFLINE_VERIFICATION, invalidateDate, OFFLINE_VERIFICATION)
done (OFFLINE_VERIFICATION, invalidateCardBrand, OFFLINE_VERIFICATION)
done (OFFLINE_VERIFICATION, invalidateLuhn, OFFLINE_VERIFICATION)
done (OFFLINE_VERIFICATION, invalidateLuhn, OFFLINE_VERIFICATION)
done (OFFLINE_VERIFICATION, invalidateDate, OFFLINE_VERIFICATION)
done (OFFLINE_VERIFICATION, validate, AUTHORISE)
done Random reset(true)
done (OFFLINE_VERIFICATION, invalidateCardBrand, OFFLINE_VERIFICATION)
done (OFFLINE_VERIFICATION, invalidateLuhn, OFFLINE_VERIFICATION)
done (OFFLINE_VERIFICATION, invalidate, OFFLINE_VERIFICATION)
done (OFFLINE_VERIFICATION, invalidateCardBrand, OFFLINE_VERIFICATION)
done Random reset(true)
done (OFFLINE_VERIFICATION, invalidateLuhn, OFFLINE_VERIFICATION)
done (OFFLINE_VERIFICATION, invalidatePrefix, OFFLINE_VERIFICATION)
done (OFFLINE_VERIFICATION, invalidatePrefix, OFFLINE_VERIFICATION)
done (OFFLINE_VERIFICATION, invalidatePrefix, OFFLINE_VERIFICATION)
done Random reset(true)
done (OFFLINE_VERIFICATION, invalidateDate, OFFLINE_VERIFICATION)
done (OFFLINE_VERIFICATION, invalidateDate, OFFLINE_VERIFICATION)
done (OFFLINE_VERIFICATION, validate, AUTHORISE)
21:01:36.939 [pool-118-thread-1] INFO  - Bank error - bank returned status code -3 - payment rejected
done (AUTHORISE, bankDetailsInvalid, OFFLINE_VERIFICATION)
done Forced reset(true)
done (OFFLINE_VERIFICATION, invalidatePrefix, OFFLINE_VERIFICATION)
done (OFFLINE_VERIFICATION, invalidate, OFFLINE_VERIFICATION)
done (OFFLINE_VERIFICATION, invalidateDate, OFFLINE_VERIFICATION)
done (OFFLINE_VERIFICATION, invalidate, OFFLINE_VERIFICATION)
done (OFFLINE_VERIFICATION, invalidateDate, OFFLINE_VERIFICATION)
done (OFFLINE_VERIFICATION, invalidateCardBrand, OFFLINE_VERIFICATION)
done Random reset(true)
done (OFFLINE_VERIFICATION, invalidatePrefix, OFFLINE_VERIFICATION)
done (OFFLINE_VERIFICATION, invalidateLuhn, OFFLINE_VERIFICATION)
done (OFFLINE_VERIFICATION, invalidateLuhn, OFFLINE_VERIFICATION)
done (OFFLINE_VERIFICATION, invalidatePrefix, OFFLINE_VERIFICATION)
done (OFFLINE_VERIFICATION, invalidateLuhn, OFFLINE_VERIFICATION)
done (OFFLINE_VERIFICATION, invalidateCardBrand, OFFLINE_VERIFICATION)
done (OFFLINE_VERIFICATION, invalidateLuhn, OFFLINE_VERIFICATION)
done (OFFLINE_VERIFICATION, invalidateDate, OFFLINE_VERIFICATION)
done (OFFLINE_VERIFICATION, invalidateLuhn, OFFLINE_VERIFICATION)
done (OFFLINE_VERIFICATION, invalidateLuhn, OFFLINE_VERIFICATION)
done (OFFLINE_VERIFICATION, invalidate, OFFLINE_VERIFICATION)
done (OFFLINE_VERIFICATION, invalidateCardBrand, OFFLINE_VERIFICATION)
done (OFFLINE_VERIFICATION, validate, AUTHORISE)
done (AUTHORISE, authorize, CAPTURE)
done (CAPTURE, sevenDayPeriodExpired, VOID)
done Forced reset(true)
done (OFFLINE_VERIFICATION, invalidatePrefix, OFFLINE_VERIFICATION)
done (OFFLINE_VERIFICATION, invalidateCardBrand, OFFLINE_VERIFICATION)
done (OFFLINE_VERIFICATION, invalidate, OFFLINE_VERIFICATION)
done (OFFLINE_VERIFICATION, invalidatePrefix, OFFLINE_VERIFICATION)
done (OFFLINE_VERIFICATION, invalidatePrefix, OFFLINE_VERIFICATION)
done (OFFLINE_VERIFICATION, invalidate, OFFLINE_VERIFICATION)
done (OFFLINE_VERIFICATION, invalidate, OFFLINE_VERIFICATION)
done (OFFLINE_VERIFICATION, validate, AUTHORISE)
21:01:36.945 [pool-121-thread-1] INFO  - Bank error - bank returned status code -3 - payment rejected
done (AUTHORISE, bankDetailsInvalid, OFFLINE_VERIFICATION)
done Random reset(true)
done (OFFLINE_VERIFICATION, invalidate, OFFLINE_VERIFICATION)
done (OFFLINE_VERIFICATION, invalidateDate, OFFLINE_VERIFICATION)
done (OFFLINE_VERIFICATION, invalidatePrefix, OFFLINE_VERIFICATION)
done (OFFLINE_VERIFICATION, validate, AUTHORISE)
done (AUTHORISE, authorize, CAPTURE)
done (CAPTURE, capture, CAPTURED)
done (CAPTURED, refund, REFUND)
done Forced reset(true)
done (OFFLINE_VERIFICATION, validate, AUTHORISE)
21:01:36.948 [pool-124-thread-1] INFO  - Bank error - bank returned status code -3 - payment rejected
done (AUTHORISE, bankDetailsInvalid, OFFLINE_VERIFICATION)
done Forced reset(true)
done (OFFLINE_VERIFICATION, invalidateCardBrand, OFFLINE_VERIFICATION)
done (OFFLINE_VERIFICATION, invalidatePrefix, OFFLINE_VERIFICATION)
done (OFFLINE_VERIFICATION, invalidateDate, OFFLINE_VERIFICATION)
done (OFFLINE_VERIFICATION, invalidateLuhn, OFFLINE_VERIFICATION)
done (OFFLINE_VERIFICATION, validate, AUTHORISE)
21:01:36.950 [pool-125-thread-1] INFO  - Bank error - bank returned status code -3 - payment rejected
done (AUTHORISE, bankDetailsInvalid, OFFLINE_VERIFICATION)
done Forced reset(true)
done (OFFLINE_VERIFICATION, invalidateDate, OFFLINE_VERIFICATION)
done (OFFLINE_VERIFICATION, invalidateCardBrand, OFFLINE_VERIFICATION)
done (OFFLINE_VERIFICATION, invalidateCardBrand, OFFLINE_VERIFICATION)
done (OFFLINE_VERIFICATION, invalidateCardBrand, OFFLINE_VERIFICATION)
done (OFFLINE_VERIFICATION, invalidateLuhn, OFFLINE_VERIFICATION)
done (OFFLINE_VERIFICATION, invalidateCardBrand, OFFLINE_VERIFICATION)
done (OFFLINE_VERIFICATION, invalidateCardBrand, OFFLINE_VERIFICATION)
done Random reset(true)
done (OFFLINE_VERIFICATION, invalidateDate, OFFLINE_VERIFICATION)
done (OFFLINE_VERIFICATION, invalidatePrefix, OFFLINE_VERIFICATION)
done (OFFLINE_VERIFICATION, validate, AUTHORISE)
21:01:36.952 [pool-126-thread-1] INFO  - Bank error - bank returned status code -3 - payment rejected
done (AUTHORISE, bankDetailsInvalid, OFFLINE_VERIFICATION)
done Forced reset(true)
done (OFFLINE_VERIFICATION, invalidateLuhn, OFFLINE_VERIFICATION)
done (OFFLINE_VERIFICATION, invalidate, OFFLINE_VERIFICATION)
done (OFFLINE_VERIFICATION, invalidate, OFFLINE_VERIFICATION)
done (OFFLINE_VERIFICATION, invalidateCardBrand, OFFLINE_VERIFICATION)
done (OFFLINE_VERIFICATION, validate, AUTHORISE)
21:01:36.955 [pool-127-thread-1] INFO  - Bank error - bank returned status code -3 - payment rejected
done (AUTHORISE, bankDetailsInvalid, OFFLINE_VERIFICATION)
done Forced reset(true)
done (OFFLINE_VERIFICATION, invalidate, OFFLINE_VERIFICATION)
done (OFFLINE_VERIFICATION, invalidateLuhn, OFFLINE_VERIFICATION)
done (OFFLINE_VERIFICATION, invalidateLuhn, OFFLINE_VERIFICATION)
done (OFFLINE_VERIFICATION, invalidate, OFFLINE_VERIFICATION)
done (OFFLINE_VERIFICATION, validate, AUTHORISE)
done (AUTHORISE, authorize, CAPTURE)
done (CAPTURE, transactionIdDoesNotExist, BANK_ERROR)
done Forced reset(true)
done (OFFLINE_VERIFICATION, invalidate, OFFLINE_VERIFICATION)
done (OFFLINE_VERIFICATION, invalidateDate, OFFLINE_VERIFICATION)
done (OFFLINE_VERIFICATION, invalidateLuhn, OFFLINE_VERIFICATION)
done (OFFLINE_VERIFICATION, validate, AUTHORISE)
21:01:36.960 [pool-130-thread-1] INFO  - Bank error - bank returned status code -3 - payment rejected
done (AUTHORISE, bankDetailsInvalid, OFFLINE_VERIFICATION)
done Random reset(true)
done (OFFLINE_VERIFICATION, invalidateDate, OFFLINE_VERIFICATION)
done (OFFLINE_VERIFICATION, invalidate, OFFLINE_VERIFICATION)
done (OFFLINE_VERIFICATION, validate, AUTHORISE)
21:01:36.962 [pool-131-thread-1] INFO  - Bank error - bank returned status code -3 - payment rejected
done (AUTHORISE, authFailBankError, OFFLINE_VERIFICATION)
done Forced reset(true)
done (OFFLINE_VERIFICATION, validate, AUTHORISE)
done (AUTHORISE, authorize, CAPTURE)
done (CAPTURE, tryToRecaptureBecauseBankError, CAPTURE)
done (CAPTURE, sevenDayPeriodExpired, VOID)
done Forced reset(true)
done (OFFLINE_VERIFICATION, invalidate, OFFLINE_VERIFICATION)
done (OFFLINE_VERIFICATION, invalidatePrefix, OFFLINE_VERIFICATION)
done (OFFLINE_VERIFICATION, invalidateDate, OFFLINE_VERIFICATION)
done (OFFLINE_VERIFICATION, invalidateDate, OFFLINE_VERIFICATION)
done (OFFLINE_VERIFICATION, invalidate, OFFLINE_VERIFICATION)
done (OFFLINE_VERIFICATION, invalidateLuhn, OFFLINE_VERIFICATION)
done (OFFLINE_VERIFICATION, validate, AUTHORISE)
21:01:36.967 [pool-135-thread-1] INFO  - Bank error - bank returned status code -3 - payment rejected
done (AUTHORISE, authFailBankError, OFFLINE_VERIFICATION)
done Forced reset(true)
done (OFFLINE_VERIFICATION, invalidateLuhn, OFFLINE_VERIFICATION)
done (OFFLINE_VERIFICATION, invalidateLuhn, OFFLINE_VERIFICATION)
done (OFFLINE_VERIFICATION, invalidateCardBrand, OFFLINE_VERIFICATION)
done (OFFLINE_VERIFICATION, invalidate, OFFLINE_VERIFICATION)
done (OFFLINE_VERIFICATION, invalidateCardBrand, OFFLINE_VERIFICATION)
done (OFFLINE_VERIFICATION, invalidateCardBrand, OFFLINE_VERIFICATION)
done (OFFLINE_VERIFICATION, invalidateCardBrand, OFFLINE_VERIFICATION)
done (OFFLINE_VERIFICATION, validate, AUTHORISE)
21:01:36.969 [pool-136-thread-1] INFO  - Bank error - bank returned status code -3 - payment rejected
done (AUTHORISE, bankDetailsInvalid, OFFLINE_VERIFICATION)
done Forced reset(true)
done (OFFLINE_VERIFICATION, invalidate, OFFLINE_VERIFICATION)
done (OFFLINE_VERIFICATION, validate, AUTHORISE)
done (AUTHORISE, authorize, CAPTURE)
done (CAPTURE, isAlreadyCaptured, CAPTURED)
done (CAPTURED, refund, REFUND)
done Forced reset(true)
done (OFFLINE_VERIFICATION, invalidateCardBrand, OFFLINE_VERIFICATION)
done (OFFLINE_VERIFICATION, invalidatePrefix, OFFLINE_VERIFICATION)
done (OFFLINE_VERIFICATION, invalidateLuhn, OFFLINE_VERIFICATION)
done (OFFLINE_VERIFICATION, validate, AUTHORISE)
21:01:36.973 [pool-139-thread-1] INFO  - Bank error - bank returned status code -3 - payment rejected
done (AUTHORISE, bankDetailsInvalid, OFFLINE_VERIFICATION)
done Forced reset(true)
done (OFFLINE_VERIFICATION, invalidateCardBrand, OFFLINE_VERIFICATION)
done (OFFLINE_VERIFICATION, invalidate, OFFLINE_VERIFICATION)
done Random reset(true)
done (OFFLINE_VERIFICATION, invalidateLuhn, OFFLINE_VERIFICATION)
done (OFFLINE_VERIFICATION, invalidatePrefix, OFFLINE_VERIFICATION)
done (OFFLINE_VERIFICATION, invalidateLuhn, OFFLINE_VERIFICATION)
done (OFFLINE_VERIFICATION, invalidateCardBrand, OFFLINE_VERIFICATION)
done Random reset(true)
done Random reset(true)
done (OFFLINE_VERIFICATION, validate, AUTHORISE)
21:01:36.974 [pool-140-thread-1] INFO  - Bank error - bank returned status code -3 - payment rejected
done (AUTHORISE, authFailBankError, OFFLINE_VERIFICATION)
done Forced reset(true)
done (OFFLINE_VERIFICATION, invalidate, OFFLINE_VERIFICATION)
done (OFFLINE_VERIFICATION, validate, AUTHORISE)
done (AUTHORISE, authorize, CAPTURE)
done (CAPTURE, transactionIdDoesNotExist, BANK_ERROR)
done Forced reset(true)
done (OFFLINE_VERIFICATION, invalidateLuhn, OFFLINE_VERIFICATION)
done Random reset(true)
done (OFFLINE_VERIFICATION, validate, AUTHORISE)
21:01:36.977 [pool-143-thread-1] INFO  - Bank error - bank returned status code -3 - payment rejected
done (AUTHORISE, authFailBankError, OFFLINE_VERIFICATION)
done Forced reset(true)
done (OFFLINE_VERIFICATION, invalidateDate, OFFLINE_VERIFICATION)
done (OFFLINE_VERIFICATION, invalidatePrefix, OFFLINE_VERIFICATION)
done (OFFLINE_VERIFICATION, invalidateCardBrand, OFFLINE_VERIFICATION)
done (OFFLINE_VERIFICATION, invalidateLuhn, OFFLINE_VERIFICATION)
done (OFFLINE_VERIFICATION, invalidatePrefix, OFFLINE_VERIFICATION)
done (OFFLINE_VERIFICATION, invalidateLuhn, OFFLINE_VERIFICATION)
done (OFFLINE_VERIFICATION, invalidatePrefix, OFFLINE_VERIFICATION)
done (OFFLINE_VERIFICATION, invalidateLuhn, OFFLINE_VERIFICATION)
done (OFFLINE_VERIFICATION, invalidate, OFFLINE_VERIFICATION)
done (OFFLINE_VERIFICATION, validate, AUTHORISE)
done (AUTHORISE, authorize, CAPTURE)
done (CAPTURE, transactionIdDoesNotExist, BANK_ERROR)
done Forced reset(true)
done (OFFLINE_VERIFICATION, invalidateDate, OFFLINE_VERIFICATION)
done (OFFLINE_VERIFICATION, validate, AUTHORISE)
21:01:36.981 [pool-146-thread-1] INFO  - Bank error - bank returned status code -3 - payment rejected
done (AUTHORISE, bankDetailsInvalid, OFFLINE_VERIFICATION)
done Forced reset(true)
done (OFFLINE_VERIFICATION, invalidateCardBrand, OFFLINE_VERIFICATION)
done (OFFLINE_VERIFICATION, invalidate, OFFLINE_VERIFICATION)
done (OFFLINE_VERIFICATION, validate, AUTHORISE)
21:01:36.982 [pool-147-thread-1] INFO  - Bank error - bank returned status code -3 - payment rejected
done (AUTHORISE, authFailBankError, OFFLINE_VERIFICATION)
done Forced reset(true)
done (OFFLINE_VERIFICATION, validate, AUTHORISE)
done (AUTHORISE, authorize, CAPTURE)
done (CAPTURE, sevenDayPeriodExpired, VOID)
done Forced reset(true)
done (OFFLINE_VERIFICATION, invalidate, OFFLINE_VERIFICATION)
done (OFFLINE_VERIFICATION, invalidateCardBrand, OFFLINE_VERIFICATION)
done (OFFLINE_VERIFICATION, invalidateCardBrand, OFFLINE_VERIFICATION)
done (OFFLINE_VERIFICATION, invalidateCardBrand, OFFLINE_VERIFICATION)
done (OFFLINE_VERIFICATION, validate, AUTHORISE)
done (AUTHORISE, authorize, CAPTURE)
done (CAPTURE, isAlreadyCaptured, CAPTURED)
done (CAPTURED, refund, REFUND)
done Forced reset(true)
done (OFFLINE_VERIFICATION, invalidateCardBrand, OFFLINE_VERIFICATION)
done (OFFLINE_VERIFICATION, invalidateCardBrand, OFFLINE_VERIFICATION)
done (OFFLINE_VERIFICATION, invalidateDate, OFFLINE_VERIFICATION)
done (OFFLINE_VERIFICATION, invalidateDate, OFFLINE_VERIFICATION)
done (OFFLINE_VERIFICATION, invalidatePrefix, OFFLINE_VERIFICATION)
done (OFFLINE_VERIFICATION, validate, AUTHORISE)
21:01:36.988 [pool-152-thread-1] INFO  - Bank error - bank returned status code -3 - payment rejected
done (AUTHORISE, bankDetailsInvalid, OFFLINE_VERIFICATION)
done Forced reset(true)
done (OFFLINE_VERIFICATION, invalidate, OFFLINE_VERIFICATION)
done (OFFLINE_VERIFICATION, invalidateLuhn, OFFLINE_VERIFICATION)
done (OFFLINE_VERIFICATION, validate, AUTHORISE)
21:01:36.989 [pool-153-thread-1] INFO  - Bank error - bank returned status code -3 - payment rejected
done (AUTHORISE, bankDetailsInvalid, OFFLINE_VERIFICATION)
done Forced reset(true)
done (OFFLINE_VERIFICATION, invalidate, OFFLINE_VERIFICATION)
done (OFFLINE_VERIFICATION, invalidatePrefix, OFFLINE_VERIFICATION)
done (OFFLINE_VERIFICATION, invalidateDate, OFFLINE_VERIFICATION)
done (OFFLINE_VERIFICATION, invalidatePrefix, OFFLINE_VERIFICATION)
done (OFFLINE_VERIFICATION, validate, AUTHORISE)
21:01:36.990 [pool-154-thread-1] INFO  - Bank error - bank returned status code -3 - payment rejected
done (AUTHORISE, authFailBankError, OFFLINE_VERIFICATION)
action coverage: 15/15
state coverage: 7/7
transition coverage: 15/15
21:01:36.995 [pool-157-thread-1] INFO  - Bank error - bank returned status code -3 - payment rejected
21:01:36.996 [pool-158-thread-1] INFO  - Bank error - bank returned status code -3 - payment rejected
21:01:36.998 [pool-159-thread-1] INFO  - Bank error - bank returned status code -3 - payment rejected
21:01:36.999 [pool-160-thread-1] INFO  - Bank error - bank returned status code -3 - payment rejected
21:01:37.001 [pool-161-thread-1] INFO  - Bank error - bank returned status code -3 - payment rejected
21:01:37.009 [pool-168-thread-1] INFO  - Bank error - bank returned status code -3 - payment rejected
21:01:37.010 [pool-169-thread-1] INFO  - Bank error - bank returned status code -3 - payment rejected
21:01:37.011 [pool-170-thread-1] INFO  - Bank error - bank returned status code -3 - payment rejected
done (OFFLINE_VERIFICATION, invalidateDate, OFFLINE_VERIFICATION)
done AllRoundTrips reset(true)
done Random reset(true)
done (OFFLINE_VERIFICATION, invalidate, OFFLINE_VERIFICATION)
done AllRoundTrips reset(true)
done (OFFLINE_VERIFICATION, invalidatePrefix, OFFLINE_VERIFICATION)
done AllRoundTrips reset(true)
done (OFFLINE_VERIFICATION, validate, AUTHORISE)
done Random reset(true)
done (OFFLINE_VERIFICATION, invalidateLuhn, OFFLINE_VERIFICATION)
done AllRoundTrips reset(true)
done (OFFLINE_VERIFICATION, invalidateCardBrand, OFFLINE_VERIFICATION)
done AllRoundTrips reset(true)
done Random reset(true)
done (OFFLINE_VERIFICATION, validate, AUTHORISE)
done (AUTHORISE, authorize, CAPTURE)
done (CAPTURE, isAlreadyCaptured, CAPTURED)
done (CAPTURED, refund, REFUND)
done Forced reset(true)
done (OFFLINE_VERIFICATION, invalidateCardBrand, OFFLINE_VERIFICATION)
done AllRoundTrips reset(true)
done (OFFLINE_VERIFICATION, invalidateCardBrand, OFFLINE_VERIFICATION)
done AllRoundTrips reset(true)
done (OFFLINE_VERIFICATION, invalidate, OFFLINE_VERIFICATION)
done AllRoundTrips reset(true)
done (OFFLINE_VERIFICATION, invalidateCardBrand, OFFLINE_VERIFICATION)
done AllRoundTrips reset(true)
done (OFFLINE_VERIFICATION, validate, AUTHORISE)
21:01:37.018 [pool-175-thread-1] INFO  - Bank error - bank returned status code -3 - payment rejected
done (AUTHORISE, bankDetailsInvalid, OFFLINE_VERIFICATION)
done AllRoundTrips reset(true)
done Random reset(true)
done (OFFLINE_VERIFICATION, validate, AUTHORISE)
21:01:37.020 [pool-176-thread-1] INFO  - Bank error - bank returned status code -3 - payment rejected
done (AUTHORISE, authFailBankError, OFFLINE_VERIFICATION)
done AllRoundTrips reset(true)
done (OFFLINE_VERIFICATION, invalidateLuhn, OFFLINE_VERIFICATION)
done AllRoundTrips reset(true)
done (OFFLINE_VERIFICATION, invalidateCardBrand, OFFLINE_VERIFICATION)
done AllRoundTrips reset(true)
done (OFFLINE_VERIFICATION, validate, AUTHORISE)
21:01:37.022 [pool-177-thread-1] INFO  - Bank error - bank returned status code -3 - payment rejected
done (AUTHORISE, authFailBankError, OFFLINE_VERIFICATION)
done AllRoundTrips reset(true)
done (OFFLINE_VERIFICATION, invalidateLuhn, OFFLINE_VERIFICATION)
done AllRoundTrips reset(true)
done (OFFLINE_VERIFICATION, invalidateCardBrand, OFFLINE_VERIFICATION)
done AllRoundTrips reset(true)
done (OFFLINE_VERIFICATION, invalidatePrefix, OFFLINE_VERIFICATION)
done AllRoundTrips reset(true)
done (OFFLINE_VERIFICATION, invalidateLuhn, OFFLINE_VERIFICATION)
done AllRoundTrips reset(true)
done (OFFLINE_VERIFICATION, invalidateLuhn, OFFLINE_VERIFICATION)
done AllRoundTrips reset(true)
done (OFFLINE_VERIFICATION, invalidateLuhn, OFFLINE_VERIFICATION)
done AllRoundTrips reset(true)
done (OFFLINE_VERIFICATION, invalidate, OFFLINE_VERIFICATION)
done AllRoundTrips reset(true)
done (OFFLINE_VERIFICATION, invalidate, OFFLINE_VERIFICATION)
done AllRoundTrips reset(true)
done (OFFLINE_VERIFICATION, invalidateCardBrand, OFFLINE_VERIFICATION)
done AllRoundTrips reset(true)
done (OFFLINE_VERIFICATION, invalidatePrefix, OFFLINE_VERIFICATION)
done AllRoundTrips reset(true)
done (OFFLINE_VERIFICATION, invalidate, OFFLINE_VERIFICATION)
done AllRoundTrips reset(true)
done (OFFLINE_VERIFICATION, invalidateLuhn, OFFLINE_VERIFICATION)
done AllRoundTrips reset(true)
done (OFFLINE_VERIFICATION, invalidateLuhn, OFFLINE_VERIFICATION)
done AllRoundTrips reset(true)
done (OFFLINE_VERIFICATION, invalidateDate, OFFLINE_VERIFICATION)
done AllRoundTrips reset(true)
done (OFFLINE_VERIFICATION, invalidatePrefix, OFFLINE_VERIFICATION)
done AllRoundTrips reset(true)
done (OFFLINE_VERIFICATION, invalidate, OFFLINE_VERIFICATION)
done AllRoundTrips reset(true)
done (OFFLINE_VERIFICATION, invalidateCardBrand, OFFLINE_VERIFICATION)
done AllRoundTrips reset(true)
done Random reset(true)
done (OFFLINE_VERIFICATION, invalidateCardBrand, OFFLINE_VERIFICATION)
done AllRoundTrips reset(true)
done (OFFLINE_VERIFICATION, invalidate, OFFLINE_VERIFICATION)
done AllRoundTrips reset(true)
done Random reset(true)
done Random reset(true)
done (OFFLINE_VERIFICATION, invalidateLuhn, OFFLINE_VERIFICATION)
done AllRoundTrips reset(true)
done (OFFLINE_VERIFICATION, invalidate, OFFLINE_VERIFICATION)
done AllRoundTrips reset(true)
done (OFFLINE_VERIFICATION, invalidatePrefix, OFFLINE_VERIFICATION)
done AllRoundTrips reset(true)
done (OFFLINE_VERIFICATION, invalidateCardBrand, OFFLINE_VERIFICATION)
done AllRoundTrips reset(true)
done (OFFLINE_VERIFICATION, invalidatePrefix, OFFLINE_VERIFICATION)
done AllRoundTrips reset(true)
done (OFFLINE_VERIFICATION, invalidatePrefix, OFFLINE_VERIFICATION)
done AllRoundTrips reset(true)
done (OFFLINE_VERIFICATION, invalidatePrefix, OFFLINE_VERIFICATION)
done AllRoundTrips reset(true)
done (OFFLINE_VERIFICATION, invalidate, OFFLINE_VERIFICATION)
done AllRoundTrips reset(true)
done (OFFLINE_VERIFICATION, invalidateDate, OFFLINE_VERIFICATION)
done AllRoundTrips reset(true)
done (OFFLINE_VERIFICATION, invalidatePrefix, OFFLINE_VERIFICATION)
done AllRoundTrips reset(true)
done (OFFLINE_VERIFICATION, invalidateDate, OFFLINE_VERIFICATION)
done AllRoundTrips reset(true)
done (OFFLINE_VERIFICATION, invalidateLuhn, OFFLINE_VERIFICATION)
done AllRoundTrips reset(true)
done (OFFLINE_VERIFICATION, invalidatePrefix, OFFLINE_VERIFICATION)
done AllRoundTrips reset(true)
done (OFFLINE_VERIFICATION, invalidateLuhn, OFFLINE_VERIFICATION)
done AllRoundTrips reset(true)
done (OFFLINE_VERIFICATION, validate, AUTHORISE)
21:01:37.027 [pool-178-thread-1] INFO  - Bank error - bank returned status code -3 - payment rejected
done (AUTHORISE, authFailBankError, OFFLINE_VERIFICATION)
done AllRoundTrips reset(true)
done (OFFLINE_VERIFICATION, invalidatePrefix, OFFLINE_VERIFICATION)
done AllRoundTrips reset(true)
done (OFFLINE_VERIFICATION, invalidate, OFFLINE_VERIFICATION)
done AllRoundTrips reset(true)
done (OFFLINE_VERIFICATION, invalidatePrefix, OFFLINE_VERIFICATION)
done AllRoundTrips reset(true)
done (OFFLINE_VERIFICATION, invalidateDate, OFFLINE_VERIFICATION)
done AllRoundTrips reset(true)
done (OFFLINE_VERIFICATION, invalidatePrefix, OFFLINE_VERIFICATION)
done AllRoundTrips reset(true)
done (OFFLINE_VERIFICATION, invalidateCardBrand, OFFLINE_VERIFICATION)
done AllRoundTrips reset(true)
done (OFFLINE_VERIFICATION, invalidateLuhn, OFFLINE_VERIFICATION)
done AllRoundTrips reset(true)
done (OFFLINE_VERIFICATION, invalidateDate, OFFLINE_VERIFICATION)
done AllRoundTrips reset(true)
done (OFFLINE_VERIFICATION, invalidateDate, OFFLINE_VERIFICATION)
done AllRoundTrips reset(true)
done (OFFLINE_VERIFICATION, invalidate, OFFLINE_VERIFICATION)
done AllRoundTrips reset(true)
done (OFFLINE_VERIFICATION, invalidateLuhn, OFFLINE_VERIFICATION)
done AllRoundTrips reset(true)
done (OFFLINE_VERIFICATION, invalidateLuhn, OFFLINE_VERIFICATION)
done AllRoundTrips reset(true)
done (OFFLINE_VERIFICATION, invalidate, OFFLINE_VERIFICATION)
done AllRoundTrips reset(true)
done (OFFLINE_VERIFICATION, validate, AUTHORISE)
done (AUTHORISE, authorize, CAPTURE)
done (CAPTURE, capture, CAPTURED)
done (CAPTURED, refund, REFUND)
done Forced reset(true)
done (OFFLINE_VERIFICATION, invalidateLuhn, OFFLINE_VERIFICATION)
done AllRoundTrips reset(true)
done (OFFLINE_VERIFICATION, invalidateLuhn, OFFLINE_VERIFICATION)
done AllRoundTrips reset(true)
done (OFFLINE_VERIFICATION, invalidateLuhn, OFFLINE_VERIFICATION)
done AllRoundTrips reset(true)
done (OFFLINE_VERIFICATION, invalidateDate, OFFLINE_VERIFICATION)
done AllRoundTrips reset(true)
done (OFFLINE_VERIFICATION, invalidatePrefix, OFFLINE_VERIFICATION)
done AllRoundTrips reset(true)
done (OFFLINE_VERIFICATION, validate, AUTHORISE)
done (AUTHORISE, authorize, CAPTURE)
done (CAPTURE, transactionIdDoesNotExist, BANK_ERROR)
done Forced reset(true)
done (OFFLINE_VERIFICATION, invalidateLuhn, OFFLINE_VERIFICATION)
done AllRoundTrips reset(true)
done (OFFLINE_VERIFICATION, invalidate, OFFLINE_VERIFICATION)
done AllRoundTrips reset(true)
done (OFFLINE_VERIFICATION, invalidateLuhn, OFFLINE_VERIFICATION)
done AllRoundTrips reset(true)
done (OFFLINE_VERIFICATION, invalidateLuhn, OFFLINE_VERIFICATION)
done AllRoundTrips reset(true)
done (OFFLINE_VERIFICATION, invalidateCardBrand, OFFLINE_VERIFICATION)
done AllRoundTrips reset(true)
done (OFFLINE_VERIFICATION, validate, AUTHORISE)
21:01:37.039 [pool-183-thread-1] INFO  - Bank error - bank returned status code -3 - payment rejected
done (AUTHORISE, bankDetailsInvalid, OFFLINE_VERIFICATION)
done AllRoundTrips reset(true)
done (OFFLINE_VERIFICATION, invalidatePrefix, OFFLINE_VERIFICATION)
done AllRoundTrips reset(true)
done (OFFLINE_VERIFICATION, invalidateCardBrand, OFFLINE_VERIFICATION)
done AllRoundTrips reset(true)
done (OFFLINE_VERIFICATION, invalidateDate, OFFLINE_VERIFICATION)
done AllRoundTrips reset(true)
done (OFFLINE_VERIFICATION, validate, AUTHORISE)
21:01:37.041 [pool-184-thread-1] INFO  - Bank error - bank returned status code -3 - payment rejected
done (AUTHORISE, bankDetailsInvalid, OFFLINE_VERIFICATION)
done AllRoundTrips reset(true)
done (OFFLINE_VERIFICATION, invalidateLuhn, OFFLINE_VERIFICATION)
done AllRoundTrips reset(true)
done (OFFLINE_VERIFICATION, validate, AUTHORISE)
done Random reset(true)
done (OFFLINE_VERIFICATION, invalidatePrefix, OFFLINE_VERIFICATION)
done AllRoundTrips reset(true)
done (OFFLINE_VERIFICATION, invalidatePrefix, OFFLINE_VERIFICATION)
done AllRoundTrips reset(true)
done (OFFLINE_VERIFICATION, invalidatePrefix, OFFLINE_VERIFICATION)
done AllRoundTrips reset(true)
done (OFFLINE_VERIFICATION, invalidateLuhn, OFFLINE_VERIFICATION)
done AllRoundTrips reset(true)
done (OFFLINE_VERIFICATION, invalidateCardBrand, OFFLINE_VERIFICATION)
done AllRoundTrips reset(true)
done Random reset(true)
done (OFFLINE_VERIFICATION, validate, AUTHORISE)
21:01:37.042 [pool-185-thread-1] INFO  - Bank error - bank returned status code -3 - payment rejected
done (AUTHORISE, bankDetailsInvalid, OFFLINE_VERIFICATION)
done AllRoundTrips reset(true)
done (OFFLINE_VERIFICATION, invalidateLuhn, OFFLINE_VERIFICATION)
done AllRoundTrips reset(true)
done (OFFLINE_VERIFICATION, invalidate, OFFLINE_VERIFICATION)
done AllRoundTrips reset(true)
done (OFFLINE_VERIFICATION, validate, AUTHORISE)
21:01:37.044 [pool-186-thread-1] INFO  - Bank error - bank returned status code -3 - payment rejected
done (AUTHORISE, authFailBankError, OFFLINE_VERIFICATION)
done AllRoundTrips reset(true)
done (OFFLINE_VERIFICATION, invalidatePrefix, OFFLINE_VERIFICATION)
done AllRoundTrips reset(true)
done (OFFLINE_VERIFICATION, invalidateDate, OFFLINE_VERIFICATION)
done AllRoundTrips reset(true)
done (OFFLINE_VERIFICATION, invalidateDate, OFFLINE_VERIFICATION)
done AllRoundTrips reset(true)
done (OFFLINE_VERIFICATION, invalidateLuhn, OFFLINE_VERIFICATION)
done AllRoundTrips reset(true)
done (OFFLINE_VERIFICATION, invalidateDate, OFFLINE_VERIFICATION)
done AllRoundTrips reset(true)
done (OFFLINE_VERIFICATION, validate, AUTHORISE)
21:01:37.048 [pool-187-thread-1] INFO  - Bank error - bank returned status code -3 - payment rejected
done (AUTHORISE, authFailBankError, OFFLINE_VERIFICATION)
done AllRoundTrips reset(true)
done (OFFLINE_VERIFICATION, invalidateDate, OFFLINE_VERIFICATION)
done AllRoundTrips reset(true)
done (OFFLINE_VERIFICATION, invalidateDate, OFFLINE_VERIFICATION)
done AllRoundTrips reset(true)
done (OFFLINE_VERIFICATION, validate, AUTHORISE)
21:01:37.050 [pool-188-thread-1] INFO  - Bank error - bank returned status code -3 - payment rejected
done (AUTHORISE, authFailBankError, OFFLINE_VERIFICATION)
done AllRoundTrips reset(true)
done (OFFLINE_VERIFICATION, validate, AUTHORISE)
21:01:37.051 [pool-189-thread-1] INFO  - Bank error - bank returned status code -3 - payment rejected
done (AUTHORISE, authFailBankError, OFFLINE_VERIFICATION)
done AllRoundTrips reset(true)
done (OFFLINE_VERIFICATION, invalidatePrefix, OFFLINE_VERIFICATION)
done AllRoundTrips reset(true)
done (OFFLINE_VERIFICATION, invalidate, OFFLINE_VERIFICATION)
done AllRoundTrips reset(true)
done (OFFLINE_VERIFICATION, invalidateDate, OFFLINE_VERIFICATION)
done AllRoundTrips reset(true)
done (OFFLINE_VERIFICATION, invalidateCardBrand, OFFLINE_VERIFICATION)
done AllRoundTrips reset(true)
done (OFFLINE_VERIFICATION, invalidatePrefix, OFFLINE_VERIFICATION)
done AllRoundTrips reset(true)
done (OFFLINE_VERIFICATION, validate, AUTHORISE)
done (AUTHORISE, authorize, CAPTURE)
done (CAPTURE, sevenDayPeriodExpired, VOID)
done Random reset(true)
done (OFFLINE_VERIFICATION, invalidateCardBrand, OFFLINE_VERIFICATION)
done AllRoundTrips reset(true)
done (OFFLINE_VERIFICATION, invalidatePrefix, OFFLINE_VERIFICATION)
done AllRoundTrips reset(true)
done (OFFLINE_VERIFICATION, invalidateDate, OFFLINE_VERIFICATION)
done AllRoundTrips reset(true)
done (OFFLINE_VERIFICATION, invalidateLuhn, OFFLINE_VERIFICATION)
done AllRoundTrips reset(true)
done (OFFLINE_VERIFICATION, invalidateLuhn, OFFLINE_VERIFICATION)
done AllRoundTrips reset(true)
done (OFFLINE_VERIFICATION, invalidateCardBrand, OFFLINE_VERIFICATION)
done AllRoundTrips reset(true)
done (OFFLINE_VERIFICATION, validate, AUTHORISE)
done Random reset(true)
done (OFFLINE_VERIFICATION, invalidate, OFFLINE_VERIFICATION)
done AllRoundTrips reset(true)
done (OFFLINE_VERIFICATION, invalidateLuhn, OFFLINE_VERIFICATION)
done AllRoundTrips reset(true)
done (OFFLINE_VERIFICATION, invalidateLuhn, OFFLINE_VERIFICATION)
done AllRoundTrips reset(true)
done (OFFLINE_VERIFICATION, invalidate, OFFLINE_VERIFICATION)
done AllRoundTrips reset(true)
done Random reset(true)
done (OFFLINE_VERIFICATION, validate, AUTHORISE)
21:01:37.056 [pool-192-thread-1] INFO  - Bank error - bank returned status code -3 - payment rejected
done (AUTHORISE, bankDetailsInvalid, OFFLINE_VERIFICATION)
done AllRoundTrips reset(true)
done (OFFLINE_VERIFICATION, invalidateCardBrand, OFFLINE_VERIFICATION)
done AllRoundTrips reset(true)
done (OFFLINE_VERIFICATION, invalidate, OFFLINE_VERIFICATION)
done AllRoundTrips reset(true)
done (OFFLINE_VERIFICATION, invalidate, OFFLINE_VERIFICATION)
done AllRoundTrips reset(true)
done (OFFLINE_VERIFICATION, invalidate, OFFLINE_VERIFICATION)
done AllRoundTrips reset(true)
done (OFFLINE_VERIFICATION, invalidateDate, OFFLINE_VERIFICATION)
done AllRoundTrips reset(true)
done (OFFLINE_VERIFICATION, invalidate, OFFLINE_VERIFICATION)
done AllRoundTrips reset(true)
done (OFFLINE_VERIFICATION, validate, AUTHORISE)
21:01:37.058 [pool-193-thread-1] INFO  - Bank error - bank returned status code -3 - payment rejected
done (AUTHORISE, authFailBankError, OFFLINE_VERIFICATION)
done AllRoundTrips reset(true)
done (OFFLINE_VERIFICATION, invalidatePrefix, OFFLINE_VERIFICATION)
done AllRoundTrips reset(true)
done (OFFLINE_VERIFICATION, invalidateCardBrand, OFFLINE_VERIFICATION)
done AllRoundTrips reset(true)
done (OFFLINE_VERIFICATION, invalidateCardBrand, OFFLINE_VERIFICATION)
done AllRoundTrips reset(true)
done (OFFLINE_VERIFICATION, validate, AUTHORISE)
21:01:37.060 [pool-194-thread-1] INFO  - Bank error - bank returned status code -3 - payment rejected
done (AUTHORISE, bankDetailsInvalid, OFFLINE_VERIFICATION)
done AllRoundTrips reset(true)
done (OFFLINE_VERIFICATION, invalidateDate, OFFLINE_VERIFICATION)
done AllRoundTrips reset(true)
done (OFFLINE_VERIFICATION, validate, AUTHORISE)
done (AUTHORISE, authorize, CAPTURE)
done (CAPTURE, tryToRecaptureBecauseBankError, CAPTURE)
done AllRoundTrips reset(true)
done (OFFLINE_VERIFICATION, invalidateLuhn, OFFLINE_VERIFICATION)
done AllRoundTrips reset(true)
done (OFFLINE_VERIFICATION, invalidateDate, OFFLINE_VERIFICATION)
done AllRoundTrips reset(true)
done (OFFLINE_VERIFICATION, invalidateCardBrand, OFFLINE_VERIFICATION)
done AllRoundTrips reset(true)
done (OFFLINE_VERIFICATION, invalidateLuhn, OFFLINE_VERIFICATION)
done AllRoundTrips reset(true)
done (OFFLINE_VERIFICATION, invalidateLuhn, OFFLINE_VERIFICATION)
done AllRoundTrips reset(true)
done (OFFLINE_VERIFICATION, invalidateDate, OFFLINE_VERIFICATION)
done AllRoundTrips reset(true)
done (OFFLINE_VERIFICATION, validate, AUTHORISE)
done Random reset(true)
done (OFFLINE_VERIFICATION, invalidateCardBrand, OFFLINE_VERIFICATION)
done AllRoundTrips reset(true)
done (OFFLINE_VERIFICATION, invalidateLuhn, OFFLINE_VERIFICATION)
done AllRoundTrips reset(true)
done (OFFLINE_VERIFICATION, invalidate, OFFLINE_VERIFICATION)
done AllRoundTrips reset(true)
done (OFFLINE_VERIFICATION, invalidateCardBrand, OFFLINE_VERIFICATION)
done AllRoundTrips reset(true)
done Random reset(true)
done (OFFLINE_VERIFICATION, invalidateLuhn, OFFLINE_VERIFICATION)
done AllRoundTrips reset(true)
done (OFFLINE_VERIFICATION, invalidatePrefix, OFFLINE_VERIFICATION)
done AllRoundTrips reset(true)
done (OFFLINE_VERIFICATION, invalidatePrefix, OFFLINE_VERIFICATION)
done AllRoundTrips reset(true)
done (OFFLINE_VERIFICATION, invalidatePrefix, OFFLINE_VERIFICATION)
done AllRoundTrips reset(true)
done Random reset(true)
done (OFFLINE_VERIFICATION, invalidateDate, OFFLINE_VERIFICATION)
done AllRoundTrips reset(true)
done (OFFLINE_VERIFICATION, invalidateDate, OFFLINE_VERIFICATION)
done AllRoundTrips reset(true)
done (OFFLINE_VERIFICATION, validate, AUTHORISE)
21:01:37.067 [pool-197-thread-1] INFO  - Bank error - bank returned status code -3 - payment rejected
done (AUTHORISE, bankDetailsInvalid, OFFLINE_VERIFICATION)
done AllRoundTrips reset(true)
done (OFFLINE_VERIFICATION, invalidate, OFFLINE_VERIFICATION)
done AllRoundTrips reset(true)
done (OFFLINE_VERIFICATION, invalidatePrefix, OFFLINE_VERIFICATION)
done AllRoundTrips reset(true)
done (OFFLINE_VERIFICATION, validate, AUTHORISE)
21:01:37.070 [pool-198-thread-1] INFO  - Bank error - bank returned status code -3 - payment rejected
done (AUTHORISE, bankDetailsInvalid, OFFLINE_VERIFICATION)
done AllRoundTrips reset(true)
done (OFFLINE_VERIFICATION, validate, AUTHORISE)
done (AUTHORISE, authorize, CAPTURE)
done (CAPTURE, capture, CAPTURED)
done (CAPTURED, refund, REFUND)
done Forced reset(true)
done (OFFLINE_VERIFICATION, invalidatePrefix, OFFLINE_VERIFICATION)
done AllRoundTrips reset(true)
done (OFFLINE_VERIFICATION, invalidateLuhn, OFFLINE_VERIFICATION)
done AllRoundTrips reset(true)
done Random reset(true)
done (OFFLINE_VERIFICATION, invalidateLuhn, OFFLINE_VERIFICATION)
done AllRoundTrips reset(true)
done (OFFLINE_VERIFICATION, invalidate, OFFLINE_VERIFICATION)
done AllRoundTrips reset(true)
done (OFFLINE_VERIFICATION, invalidateCardBrand, OFFLINE_VERIFICATION)
done AllRoundTrips reset(true)
done (OFFLINE_VERIFICATION, validate, AUTHORISE)
21:01:37.076 [pool-201-thread-1] INFO  - Bank error - bank returned status code -3 - payment rejected
done (AUTHORISE, bankDetailsInvalid, OFFLINE_VERIFICATION)
done AllRoundTrips reset(true)
done (OFFLINE_VERIFICATION, invalidateCardBrand, OFFLINE_VERIFICATION)
done AllRoundTrips reset(true)
done (OFFLINE_VERIFICATION, invalidateCardBrand, OFFLINE_VERIFICATION)
done AllRoundTrips reset(true)
done (OFFLINE_VERIFICATION, invalidateDate, OFFLINE_VERIFICATION)
done AllRoundTrips reset(true)
done (OFFLINE_VERIFICATION, invalidate, OFFLINE_VERIFICATION)
done AllRoundTrips reset(true)
done (OFFLINE_VERIFICATION, invalidatePrefix, OFFLINE_VERIFICATION)
done AllRoundTrips reset(true)
done (OFFLINE_VERIFICATION, invalidatePrefix, OFFLINE_VERIFICATION)
done AllRoundTrips reset(true)
done (OFFLINE_VERIFICATION, invalidate, OFFLINE_VERIFICATION)
done AllRoundTrips reset(true)
done (OFFLINE_VERIFICATION, invalidate, OFFLINE_VERIFICATION)
done AllRoundTrips reset(true)
done (OFFLINE_VERIFICATION, validate, AUTHORISE)
21:01:37.078 [pool-202-thread-1] INFO  - Bank error - bank returned status code -3 - payment rejected
done (AUTHORISE, bankDetailsInvalid, OFFLINE_VERIFICATION)
done AllRoundTrips reset(true)
done Random reset(true)
done (OFFLINE_VERIFICATION, invalidate, OFFLINE_VERIFICATION)
done AllRoundTrips reset(true)
done (OFFLINE_VERIFICATION, invalidateDate, OFFLINE_VERIFICATION)
done AllRoundTrips reset(true)
done (OFFLINE_VERIFICATION, invalidatePrefix, OFFLINE_VERIFICATION)
done AllRoundTrips reset(true)
done (OFFLINE_VERIFICATION, validate, AUTHORISE)
done (AUTHORISE, authorize, CAPTURE)
done (CAPTURE, capture, CAPTURED)
done (CAPTURED, refund, REFUND)
done Forced reset(true)
done (OFFLINE_VERIFICATION, validate, AUTHORISE)
21:01:37.082 [pool-205-thread-1] INFO  - Bank error - bank returned status code -3 - payment rejected
done (AUTHORISE, bankDetailsInvalid, OFFLINE_VERIFICATION)
done AllRoundTrips reset(true)
done (OFFLINE_VERIFICATION, validate, AUTHORISE)
21:01:37.083 [pool-206-thread-1] INFO  - Bank error - bank returned status code -3 - payment rejected
done (AUTHORISE, bankDetailsInvalid, OFFLINE_VERIFICATION)
done AllRoundTrips reset(true)
done (OFFLINE_VERIFICATION, validate, AUTHORISE)
21:01:37.086 [pool-207-thread-1] INFO  - Bank error - bank returned status code -3 - payment rejected
done (AUTHORISE, bankDetailsInvalid, OFFLINE_VERIFICATION)
done AllRoundTrips reset(true)
done (OFFLINE_VERIFICATION, invalidateCardBrand, OFFLINE_VERIFICATION)
done AllRoundTrips reset(true)
done Random reset(true)
done (OFFLINE_VERIFICATION, invalidateDate, OFFLINE_VERIFICATION)
done AllRoundTrips reset(true)
done (OFFLINE_VERIFICATION, validate, AUTHORISE)
done (AUTHORISE, authorize, CAPTURE)
done (CAPTURE, capture, CAPTURED)
done (CAPTURED, refund, REFUND)
done Forced reset(true)
done (OFFLINE_VERIFICATION, invalidateLuhn, OFFLINE_VERIFICATION)
done AllRoundTrips reset(true)
done (OFFLINE_VERIFICATION, invalidate, OFFLINE_VERIFICATION)
done AllRoundTrips reset(true)
done (OFFLINE_VERIFICATION, invalidateCardBrand, OFFLINE_VERIFICATION)
done AllRoundTrips reset(true)
done (OFFLINE_VERIFICATION, invalidateDate, OFFLINE_VERIFICATION)
done AllRoundTrips reset(true)
done (OFFLINE_VERIFICATION, invalidateLuhn, OFFLINE_VERIFICATION)
done AllRoundTrips reset(true)
done (OFFLINE_VERIFICATION, validate, AUTHORISE)
21:01:37.090 [pool-210-thread-1] INFO  - Bank error - bank returned status code -3 - payment rejected
done (AUTHORISE, bankDetailsInvalid, OFFLINE_VERIFICATION)
done AllRoundTrips reset(true)
done (OFFLINE_VERIFICATION, invalidateCardBrand, OFFLINE_VERIFICATION)
done AllRoundTrips reset(true)
done (OFFLINE_VERIFICATION, invalidateDate, OFFLINE_VERIFICATION)
done AllRoundTrips reset(true)
done (OFFLINE_VERIFICATION, validate, AUTHORISE)
done (AUTHORISE, authorize, CAPTURE)
done (CAPTURE, tryToRecaptureBecauseBankError, CAPTURE)
done AllRoundTrips reset(true)
done (OFFLINE_VERIFICATION, invalidatePrefix, OFFLINE_VERIFICATION)
done AllRoundTrips reset(true)
done (OFFLINE_VERIFICATION, invalidateDate, OFFLINE_VERIFICATION)
done AllRoundTrips reset(true)
done (OFFLINE_VERIFICATION, invalidate, OFFLINE_VERIFICATION)
done AllRoundTrips reset(true)
done (OFFLINE_VERIFICATION, invalidateCardBrand, OFFLINE_VERIFICATION)
done AllRoundTrips reset(true)
done Random reset(true)
done (OFFLINE_VERIFICATION, invalidateDate, OFFLINE_VERIFICATION)
done AllRoundTrips reset(true)
done (OFFLINE_VERIFICATION, invalidatePrefix, OFFLINE_VERIFICATION)
done AllRoundTrips reset(true)
done (OFFLINE_VERIFICATION, validate, AUTHORISE)
21:01:37.094 [pool-213-thread-1] INFO  - Bank error - bank returned status code -3 - payment rejected
done (AUTHORISE, bankDetailsInvalid, OFFLINE_VERIFICATION)
done AllRoundTrips reset(true)
done (OFFLINE_VERIFICATION, validate, AUTHORISE)
done (AUTHORISE, authorize, CAPTURE)
done (CAPTURE, tryToRecaptureBecauseBankError, CAPTURE)
done AllRoundTrips reset(true)
done (OFFLINE_VERIFICATION, invalidatePrefix, OFFLINE_VERIFICATION)
done AllRoundTrips reset(true)
done (OFFLINE_VERIFICATION, validate, AUTHORISE)
21:01:37.097 [pool-216-thread-1] INFO  - Bank error - bank returned status code -3 - payment rejected
done (AUTHORISE, authFailBankError, OFFLINE_VERIFICATION)
done AllRoundTrips reset(true)
done (OFFLINE_VERIFICATION, invalidateLuhn, OFFLINE_VERIFICATION)
done AllRoundTrips reset(true)
done (OFFLINE_VERIFICATION, invalidateLuhn, OFFLINE_VERIFICATION)
done AllRoundTrips reset(true)
done (OFFLINE_VERIFICATION, validate, AUTHORISE)
done (AUTHORISE, authorize, CAPTURE)
done (CAPTURE, tryToRecaptureBecauseBankError, CAPTURE)
done AllRoundTrips reset(true)
done (OFFLINE_VERIFICATION, invalidateLuhn, OFFLINE_VERIFICATION)
done AllRoundTrips reset(true)
done (OFFLINE_VERIFICATION, validate, AUTHORISE)
21:01:37.102 [pool-219-thread-1] INFO  - Bank error - bank returned status code -3 - payment rejected
done (AUTHORISE, bankDetailsInvalid, OFFLINE_VERIFICATION)
done AllRoundTrips reset(true)
done (OFFLINE_VERIFICATION, invalidateLuhn, OFFLINE_VERIFICATION)
done AllRoundTrips reset(true)
done (OFFLINE_VERIFICATION, invalidatePrefix, OFFLINE_VERIFICATION)
done AllRoundTrips reset(true)
done (OFFLINE_VERIFICATION, invalidatePrefix, OFFLINE_VERIFICATION)
done AllRoundTrips reset(true)
done (OFFLINE_VERIFICATION, validate, AUTHORISE)
done (AUTHORISE, authorize, CAPTURE)
done (CAPTURE, transactionIdDoesNotExist, BANK_ERROR)
done Forced reset(true)
done (OFFLINE_VERIFICATION, invalidate, OFFLINE_VERIFICATION)
done AllRoundTrips reset(true)
done (OFFLINE_VERIFICATION, validate, AUTHORISE)
done (AUTHORISE, authorize, CAPTURE)
done (CAPTURE, transactionIdDoesNotExist, BANK_ERROR)
done Forced reset(true)
done (OFFLINE_VERIFICATION, invalidate, OFFLINE_VERIFICATION)
done AllRoundTrips reset(true)
done (OFFLINE_VERIFICATION, invalidateDate, OFFLINE_VERIFICATION)
done AllRoundTrips reset(true)
done (OFFLINE_VERIFICATION, invalidateLuhn, OFFLINE_VERIFICATION)
done AllRoundTrips reset(true)
done (OFFLINE_VERIFICATION, validate, AUTHORISE)
21:01:37.107 [pool-224-thread-1] INFO  - Bank error - bank returned status code -3 - payment rejected
done (AUTHORISE, bankDetailsInvalid, OFFLINE_VERIFICATION)
done AllRoundTrips reset(true)
done Random reset(true)
done (OFFLINE_VERIFICATION, invalidateDate, OFFLINE_VERIFICATION)
done AllRoundTrips reset(true)
done (OFFLINE_VERIFICATION, invalidate, OFFLINE_VERIFICATION)
done AllRoundTrips reset(true)
done (OFFLINE_VERIFICATION, validate, AUTHORISE)
21:01:37.108 [pool-225-thread-1] INFO  - Bank error - bank returned status code -3 - payment rejected
done (AUTHORISE, authFailBankError, OFFLINE_VERIFICATION)
done AllRoundTrips reset(true)
done (OFFLINE_VERIFICATION, invalidateDate, OFFLINE_VERIFICATION)
done AllRoundTrips reset(true)
done (OFFLINE_VERIFICATION, invalidateDate, OFFLINE_VERIFICATION)
done AllRoundTrips reset(true)
done (OFFLINE_VERIFICATION, invalidate, OFFLINE_VERIFICATION)
done AllRoundTrips reset(true)
done (OFFLINE_VERIFICATION, invalidateCardBrand, OFFLINE_VERIFICATION)
done AllRoundTrips reset(true)
done (OFFLINE_VERIFICATION, invalidateLuhn, OFFLINE_VERIFICATION)
done AllRoundTrips reset(true)
done (OFFLINE_VERIFICATION, validate, AUTHORISE)
done (AUTHORISE, authorize, CAPTURE)
done (CAPTURE, tryToRecaptureBecauseBankError, CAPTURE)
done AllRoundTrips reset(true)
done (OFFLINE_VERIFICATION, invalidatePrefix, OFFLINE_VERIFICATION)
done AllRoundTrips reset(true)
done (OFFLINE_VERIFICATION, invalidate, OFFLINE_VERIFICATION)
done AllRoundTrips reset(true)
done (OFFLINE_VERIFICATION, invalidateLuhn, OFFLINE_VERIFICATION)
done AllRoundTrips reset(true)
done (OFFLINE_VERIFICATION, invalidate, OFFLINE_VERIFICATION)
done AllRoundTrips reset(true)
done (OFFLINE_VERIFICATION, invalidateCardBrand, OFFLINE_VERIFICATION)
done AllRoundTrips reset(true)
done (OFFLINE_VERIFICATION, invalidateCardBrand, OFFLINE_VERIFICATION)
done AllRoundTrips reset(true)
done (OFFLINE_VERIFICATION, validate, AUTHORISE)
21:01:37.116 [pool-228-thread-1] INFO  - Bank error - bank returned status code -3 - payment rejected
done (AUTHORISE, authFailBankError, OFFLINE_VERIFICATION)
done AllRoundTrips reset(true)
done (OFFLINE_VERIFICATION, invalidateCardBrand, OFFLINE_VERIFICATION)
done AllRoundTrips reset(true)
done (OFFLINE_VERIFICATION, invalidate, OFFLINE_VERIFICATION)
done AllRoundTrips reset(true)
done (OFFLINE_VERIFICATION, invalidateCardBrand, OFFLINE_VERIFICATION)
done AllRoundTrips reset(true)
done (OFFLINE_VERIFICATION, invalidate, OFFLINE_VERIFICATION)
done AllRoundTrips reset(true)
done (OFFLINE_VERIFICATION, invalidatePrefix, OFFLINE_VERIFICATION)
done AllRoundTrips reset(true)
done (OFFLINE_VERIFICATION, invalidatePrefix, OFFLINE_VERIFICATION)
done AllRoundTrips reset(true)
done (OFFLINE_VERIFICATION, invalidateDate, OFFLINE_VERIFICATION)
done AllRoundTrips reset(true)
done (OFFLINE_VERIFICATION, validate, AUTHORISE)
21:01:37.117 [pool-229-thread-1] INFO  - Bank error - bank returned status code -3 - payment rejected
done (AUTHORISE, bankDetailsInvalid, OFFLINE_VERIFICATION)
done AllRoundTrips reset(true)
done (OFFLINE_VERIFICATION, invalidateDate, OFFLINE_VERIFICATION)
done AllRoundTrips reset(true)
done (OFFLINE_VERIFICATION, invalidateDate, OFFLINE_VERIFICATION)
done AllRoundTrips reset(true)
done (OFFLINE_VERIFICATION, invalidate, OFFLINE_VERIFICATION)
done AllRoundTrips reset(true)
done (OFFLINE_VERIFICATION, invalidateLuhn, OFFLINE_VERIFICATION)
done AllRoundTrips reset(true)
done (OFFLINE_VERIFICATION, validate, AUTHORISE)
21:01:37.118 [pool-230-thread-1] INFO  - Bank error - bank returned status code -3 - payment rejected
done (AUTHORISE, authFailBankError, OFFLINE_VERIFICATION)
done AllRoundTrips reset(true)
done (OFFLINE_VERIFICATION, validate, AUTHORISE)
21:01:37.120 [pool-231-thread-1] INFO  - Bank error - bank returned status code -3 - payment rejected
done (AUTHORISE, bankDetailsInvalid, OFFLINE_VERIFICATION)
done AllRoundTrips reset(true)
done (OFFLINE_VERIFICATION, invalidate, OFFLINE_VERIFICATION)
done AllRoundTrips reset(true)
done (OFFLINE_VERIFICATION, invalidateCardBrand, OFFLINE_VERIFICATION)
done AllRoundTrips reset(true)
done (OFFLINE_VERIFICATION, invalidateCardBrand, OFFLINE_VERIFICATION)
done AllRoundTrips reset(true)
done (OFFLINE_VERIFICATION, invalidatePrefix, OFFLINE_VERIFICATION)
done AllRoundTrips reset(true)
done (OFFLINE_VERIFICATION, invalidatePrefix, OFFLINE_VERIFICATION)
done AllRoundTrips reset(true)
done (OFFLINE_VERIFICATION, invalidate, OFFLINE_VERIFICATION)
done AllRoundTrips reset(true)
done (OFFLINE_VERIFICATION, invalidateLuhn, OFFLINE_VERIFICATION)
done AllRoundTrips reset(true)
done (OFFLINE_VERIFICATION, invalidateLuhn, OFFLINE_VERIFICATION)
done AllRoundTrips reset(true)
done (OFFLINE_VERIFICATION, invalidateCardBrand, OFFLINE_VERIFICATION)
done AllRoundTrips reset(true)
done (OFFLINE_VERIFICATION, invalidate, OFFLINE_VERIFICATION)
done AllRoundTrips reset(true)
done (OFFLINE_VERIFICATION, invalidateCardBrand, OFFLINE_VERIFICATION)
done AllRoundTrips reset(true)
done (OFFLINE_VERIFICATION, invalidateCardBrand, OFFLINE_VERIFICATION)
done AllRoundTrips reset(true)
done (OFFLINE_VERIFICATION, invalidateCardBrand, OFFLINE_VERIFICATION)
done AllRoundTrips reset(true)
done (OFFLINE_VERIFICATION, validate, AUTHORISE)
21:01:37.122 [pool-232-thread-1] INFO  - Bank error - bank returned status code -3 - payment rejected
done (AUTHORISE, bankDetailsInvalid, OFFLINE_VERIFICATION)
done AllRoundTrips reset(true)
done (OFFLINE_VERIFICATION, invalidateCardBrand, OFFLINE_VERIFICATION)
done AllRoundTrips reset(true)
done (OFFLINE_VERIFICATION, invalidate, OFFLINE_VERIFICATION)
done AllRoundTrips reset(true)
done (OFFLINE_VERIFICATION, validate, AUTHORISE)
done (AUTHORISE, authorize, CAPTURE)
done (CAPTURE, capture, CAPTURED)
done (CAPTURED, refund, REFUND)
done Forced reset(true)
done (OFFLINE_VERIFICATION, invalidate, OFFLINE_VERIFICATION)
done AllRoundTrips reset(true)
done (OFFLINE_VERIFICATION, invalidateCardBrand, OFFLINE_VERIFICATION)
done AllRoundTrips reset(true)
done (OFFLINE_VERIFICATION, invalidatePrefix, OFFLINE_VERIFICATION)
done AllRoundTrips reset(true)
done (OFFLINE_VERIFICATION, invalidateLuhn, OFFLINE_VERIFICATION)
done AllRoundTrips reset(true)
done Random reset(true)
done (OFFLINE_VERIFICATION, invalidatePrefix, OFFLINE_VERIFICATION)
done AllRoundTrips reset(true)
done (OFFLINE_VERIFICATION, invalidateLuhn, OFFLINE_VERIFICATION)
done AllRoundTrips reset(true)
done (OFFLINE_VERIFICATION, validate, AUTHORISE)
21:01:37.125 [pool-235-thread-1] INFO  - Bank error - bank returned status code -3 - payment rejected
done (AUTHORISE, bankDetailsInvalid, OFFLINE_VERIFICATION)
done AllRoundTrips reset(true)
done (OFFLINE_VERIFICATION, invalidateCardBrand, OFFLINE_VERIFICATION)
done AllRoundTrips reset(true)
done (OFFLINE_VERIFICATION, invalidateDate, OFFLINE_VERIFICATION)
done AllRoundTrips reset(true)
done (OFFLINE_VERIFICATION, validate, AUTHORISE)
21:01:37.126 [pool-236-thread-1] INFO  - Bank error - bank returned status code -3 - payment rejected
done (AUTHORISE, bankDetailsInvalid, OFFLINE_VERIFICATION)
done AllRoundTrips reset(true)
done (OFFLINE_VERIFICATION, invalidatePrefix, OFFLINE_VERIFICATION)
done AllRoundTrips reset(true)
done (OFFLINE_VERIFICATION, invalidateCardBrand, OFFLINE_VERIFICATION)
done AllRoundTrips reset(true)
done (OFFLINE_VERIFICATION, invalidate, OFFLINE_VERIFICATION)
done AllRoundTrips reset(true)
done (OFFLINE_VERIFICATION, invalidateDate, OFFLINE_VERIFICATION)
done AllRoundTrips reset(true)
done (OFFLINE_VERIFICATION, validate, AUTHORISE)
21:01:37.128 [pool-237-thread-1] INFO  - Bank error - bank returned status code -3 - payment rejected
done (AUTHORISE, authFailBankError, OFFLINE_VERIFICATION)
done AllRoundTrips reset(true)
done (OFFLINE_VERIFICATION, invalidate, OFFLINE_VERIFICATION)
done AllRoundTrips reset(true)
done Random reset(true)
done (OFFLINE_VERIFICATION, invalidateLuhn, OFFLINE_VERIFICATION)
done AllRoundTrips reset(true)
done (OFFLINE_VERIFICATION, invalidatePrefix, OFFLINE_VERIFICATION)
done AllRoundTrips reset(true)
done (OFFLINE_VERIFICATION, invalidateLuhn, OFFLINE_VERIFICATION)
done AllRoundTrips reset(true)
done (OFFLINE_VERIFICATION, invalidateCardBrand, OFFLINE_VERIFICATION)
done AllRoundTrips reset(true)
done Random reset(true)
done Random reset(true)
done (OFFLINE_VERIFICATION, validate, AUTHORISE)
21:01:37.129 [pool-238-thread-1] INFO  - Bank error - bank returned status code -3 - payment rejected
done (AUTHORISE, authFailBankError, OFFLINE_VERIFICATION)
done AllRoundTrips reset(true)
done (OFFLINE_VERIFICATION, invalidatePrefix, OFFLINE_VERIFICATION)
done AllRoundTrips reset(true)
done (OFFLINE_VERIFICATION, invalidate, OFFLINE_VERIFICATION)
done AllRoundTrips reset(true)
done (OFFLINE_VERIFICATION, invalidatePrefix, OFFLINE_VERIFICATION)
done AllRoundTrips reset(true)
done (OFFLINE_VERIFICATION, validate, AUTHORISE)
21:01:37.132 [pool-239-thread-1] INFO  - Bank error - bank returned status code -3 - payment rejected
done (AUTHORISE, authFailBankError, OFFLINE_VERIFICATION)
done AllRoundTrips reset(true)
done (OFFLINE_VERIFICATION, invalidate, OFFLINE_VERIFICATION)
done AllRoundTrips reset(true)
done Random reset(true)
done (OFFLINE_VERIFICATION, validate, AUTHORISE)
21:01:37.133 [pool-240-thread-1] INFO  - Bank error - bank returned status code -3 - payment rejected
done (AUTHORISE, authFailBankError, OFFLINE_VERIFICATION)
done AllRoundTrips reset(true)
done (OFFLINE_VERIFICATION, invalidateDate, OFFLINE_VERIFICATION)
done AllRoundTrips reset(true)
done (OFFLINE_VERIFICATION, validate, AUTHORISE)
done (AUTHORISE, authorize, CAPTURE)
done (CAPTURE, sevenDayPeriodExpired, VOID)
done Forced reset(true)
action coverage: 15/15
state coverage: 0/7
transition coverage: 15/15
]]></system-out>
  <system-err><![CDATA[]]></system-err>
</testsuite>
